TN:
SF:/usr/local/include/gtest/internal/gtest-param-util.h
FN:59,_ZN7testing13TestParamInfoIiEC2ERKim
FNDA:4,_ZN7testing13TestParamInfoIiEC2ERKim
FN:95,_ZN7testing8internal22ParamIteratorInterfaceIiED0Ev
FNDA:0,_ZN7testing8internal22ParamIteratorInterfaceIiED0Ev
FN:95,_ZN7testing8internal22ParamIteratorInterfaceIiED2Ev
FNDA:6,_ZN7testing8internal22ParamIteratorInterfaceIiED2Ev
FN:137,_ZNK7testing8internal13ParamIteratorIiEdeEv
FNDA:12,_ZNK7testing8internal13ParamIteratorIiEdeEv
FN:140,_ZN7testing8internal13ParamIteratorIiEppEv
FNDA:4,_ZN7testing8internal13ParamIteratorIiEppEv
FN:150,_ZNK7testing8internal13ParamIteratorIiEeqERKS2_
FNDA:5,_ZNK7testing8internal13ParamIteratorIiEeqERKS2_
FN:153,_ZNK7testing8internal13ParamIteratorIiEneERKS2_
FNDA:5,_ZNK7testing8internal13ParamIteratorIiEneERKS2_
FN:159,_ZN7testing8internal13ParamIteratorIiEC2EPNS0_22ParamIteratorInterfaceIiEE
FNDA:6,_ZN7testing8internal13ParamIteratorIiEC2EPNS0_22ParamIteratorInterfaceIiEE
FN:170,_ZN7testing8internal23ParamGeneratorInterfaceIiED0Ev
FNDA:0,_ZN7testing8internal23ParamGeneratorInterfaceIiED0Ev
FN:170,_ZN7testing8internal23ParamGeneratorInterfaceIiED2Ev
FNDA:1,_ZN7testing8internal23ParamGeneratorInterfaceIiED2Ev
FN:187,_ZN7testing8internal14ParamGeneratorIiEC2EPNS0_23ParamGeneratorInterfaceIiEE
FNDA:1,_ZN7testing8internal14ParamGeneratorIiEC2EPNS0_23ParamGeneratorInterfaceIiEE
FN:195,_ZNK7testing8internal14ParamGeneratorIiE5beginEv
FNDA:1,_ZNK7testing8internal14ParamGeneratorIiE5beginEv
FN:196,_ZNK7testing8internal14ParamGeneratorIiE3endEv
FNDA:5,_ZNK7testing8internal14ParamGeneratorIiE3endEv
FN:295,_ZN7testing8internal30ValuesInIteratorRangeGeneratorIiEC2IN9__gnu_cxx17__normal_iteratorIPKiSt6vectorIiSaIiEEEEEET_SC_
FNDA:1,_ZN7testing8internal30ValuesInIteratorRangeGeneratorIiEC2IN9__gnu_cxx17__normal_iteratorIPKiSt6vectorIiSaIiEEEEEET_SC_
FN:297,_ZN7testing8internal30ValuesInIteratorRangeGeneratorIiED2Ev
FNDA:1,_ZN7testing8internal30ValuesInIteratorRangeGeneratorIiED2Ev
FN:297,_ZN7testing8internal30ValuesInIteratorRangeGeneratorIiED0Ev
FNDA:1,_ZN7testing8internal30ValuesInIteratorRangeGeneratorIiED0Ev
FN:299,_ZNK7testing8internal30ValuesInIteratorRangeGeneratorIiE5BeginEv
FNDA:1,_ZNK7testing8internal30ValuesInIteratorRangeGeneratorIiE5BeginEv
FN:302,_ZNK7testing8internal30ValuesInIteratorRangeGeneratorIiE3EndEv
FNDA:5,_ZNK7testing8internal30ValuesInIteratorRangeGeneratorIiE3EndEv
FN:311,_ZN7testing8internal30ValuesInIteratorRangeGeneratorIiE8IteratorC2EPKNS0_23ParamGeneratorInterfaceIiEEN9__gnu_cxx17__normal_iteratorIPKiSt6vectorIiSaIiEEEE
FNDA:6,_ZN7testing8internal30ValuesInIteratorRangeGeneratorIiE8IteratorC2EPKNS0_23ParamGeneratorInterfaceIiEEN9__gnu_cxx17__normal_iteratorIPKiSt6vectorIiSaIiEEEE
FN:314,_ZN7testing8internal30ValuesInIteratorRangeGeneratorIiE8IteratorD2Ev
FNDA:6,_ZN7testing8internal30ValuesInIteratorRangeGeneratorIiE8IteratorD2Ev
FN:314,_ZN7testing8internal30ValuesInIteratorRangeGeneratorIiE8IteratorD0Ev
FNDA:6,_ZN7testing8internal30ValuesInIteratorRangeGeneratorIiE8IteratorD0Ev
FN:316,_ZNK7testing8internal30ValuesInIteratorRangeGeneratorIiE8Iterator13BaseGeneratorEv
FNDA:10,_ZNK7testing8internal30ValuesInIteratorRangeGeneratorIiE8Iterator13BaseGeneratorEv
FN:319,_ZN7testing8internal30ValuesInIteratorRangeGeneratorIiE8Iterator7AdvanceEv
FNDA:4,_ZN7testing8internal30ValuesInIteratorRangeGeneratorIiE8Iterator7AdvanceEv
FN:323,_ZNK7testing8internal30ValuesInIteratorRangeGeneratorIiE8Iterator5CloneEv
FNDA:0,_ZNK7testing8internal30ValuesInIteratorRangeGeneratorIiE8Iterator5CloneEv
FN:333,_ZNK7testing8internal30ValuesInIteratorRangeGeneratorIiE8Iterator7CurrentEv
FNDA:12,_ZNK7testing8internal30ValuesInIteratorRangeGeneratorIiE8Iterator7CurrentEv
FN:337,_ZNK7testing8internal30ValuesInIteratorRangeGeneratorIiE8Iterator6EqualsERKNS0_22ParamIteratorInterfaceIiEE
FNDA:5,_ZNK7testing8internal30ValuesInIteratorRangeGeneratorIiE8Iterator6EqualsERKNS0_22ParamIteratorInterfaceIiEE
FN:348,_ZN7testing8internal30ValuesInIteratorRangeGeneratorIiE8IteratorC2ERKS3_
FNDA:0,_ZN7testing8internal30ValuesInIteratorRangeGeneratorIiE8IteratorC2ERKS3_
FN:376,_ZN7testing8internal16DefaultParamNameIiEENSt7__cxx1112basic_stringIcSt11char_traitsIcESaIcEEERKNS_13TestParamInfoIT_EE
FNDA:4,_ZN7testing8internal16DefaultParamNameIiEENSt7__cxx1112basic_stringIcSt11char_traitsIcESaIcEEERKNS_13TestParamInfoIT_EE
FN:387,_ZN7testing8internal12TestNotEmptyIFNSt7__cxx1112basic_stringIcSt11char_traitsIcESaIcEEERKNS_13TestParamInfoIiEEEEEvRKT_
FNDA:0,_ZN7testing8internal12TestNotEmptyIFNSt7__cxx1112basic_stringIcSt11char_traitsIcESaIcEEERKNS_13TestParamInfoIiEEEEEvRKT_
FN:397,_ZN7testing8internal24ParameterizedTestFactoryI61LeapYearParameterizedTestFixture_OddYearsAreNotLeapYears_TestEC2Ei
FNDA:4,_ZN7testing8internal24ParameterizedTestFactoryI61LeapYearParameterizedTestFixture_OddYearsAreNotLeapYears_TestEC2Ei
FN:399,_ZN7testing8internal24ParameterizedTestFactoryI61LeapYearParameterizedTestFixture_OddYearsAreNotLeapYears_TestE10CreateTestEv
FNDA:4,_ZN7testing8internal24ParameterizedTestFactoryI61LeapYearParameterizedTestFixture_OddYearsAreNotLeapYears_TestE10CreateTestEv
FN:417,_ZN7testing8internal19TestMetaFactoryBaseIiED2Ev
FNDA:1,_ZN7testing8internal19TestMetaFactoryBaseIiED2Ev
FN:417,_ZN7testing8internal19TestMetaFactoryBaseIiED0Ev
FNDA:0,_ZN7testing8internal19TestMetaFactoryBaseIiED0Ev
FN:436,_ZN7testing8internal15TestMetaFactoryI61LeapYearParameterizedTestFixture_OddYearsAreNotLeapYears_TestEC2Ev
FNDA:1,_ZN7testing8internal15TestMetaFactoryI61LeapYearParameterizedTestFixture_OddYearsAreNotLeapYears_TestEC2Ev
FN:438,_ZN7testing8internal15TestMetaFactoryI61LeapYearParameterizedTestFixture_OddYearsAreNotLeapYears_TestE17CreateTestFactoryEi
FNDA:4,_ZN7testing8internal15TestMetaFactoryI61LeapYearParameterizedTestFixture_OddYearsAreNotLeapYears_TestE17CreateTestFactoryEi
FN:458,_ZN7testing8internal30ParameterizedTestSuiteInfoBaseD0Ev
FNDA:0,_ZN7testing8internal30ParameterizedTestSuiteInfoBaseD0Ev
FN:458,_ZN7testing8internal30ParameterizedTestSuiteInfoBaseD2Ev
FNDA:1,_ZN7testing8internal30ParameterizedTestSuiteInfoBaseD2Ev
FN:471,_ZN7testing8internal30ParameterizedTestSuiteInfoBaseC2Ev
FNDA:1,_ZN7testing8internal30ParameterizedTestSuiteInfoBaseC2Ev
FN:506,_ZN7testing8internal26ParameterizedTestSuiteInfoI32LeapYearParameterizedTestFixtureEC2EPKcNS0_12CodeLocationE
FNDA:1,_ZN7testing8internal26ParameterizedTestSuiteInfoI32LeapYearParameterizedTestFixtureEC2EPKcNS0_12CodeLocationE
FN:511,_ZNK7testing8internal26ParameterizedTestSuiteInfoI32LeapYearParameterizedTestFixtureE16GetTestSuiteNameB5cxx11Ev
FNDA:1,_ZNK7testing8internal26ParameterizedTestSuiteInfoI32LeapYearParameterizedTestFixtureE16GetTestSuiteNameB5cxx11Ev
FN:515,_ZNK7testing8internal26ParameterizedTestSuiteInfoI32LeapYearParameterizedTestFixtureE18GetTestSuiteTypeIdEv
FNDA:5,_ZNK7testing8internal26ParameterizedTestSuiteInfoI32LeapYearParameterizedTestFixtureE18GetTestSuiteTypeIdEv
FN:522,_ZN7testing8internal26ParameterizedTestSuiteInfoI32LeapYearParameterizedTestFixtureE14AddTestPatternEPKcS5_PNS0_19TestMetaFactoryBaseIiEENS0_12CodeLocationE
FNDA:1,_ZN7testing8internal26ParameterizedTestSuiteInfoI32LeapYearParameterizedTestFixtureE14AddTestPatternEPKcS5_PNS0_19TestMetaFactoryBaseIiEENS0_12CodeLocationE
FN:530,_ZN7testing8internal26ParameterizedTestSuiteInfoI32LeapYearParameterizedTestFixtureE25AddTestSuiteInstantiationERKNSt7__cxx1112basic_stringIcSt11char_traitsIcESaIcEEEPFNS0_14ParamGeneratorIiEEvEPFS9_RKNS_13TestParamInfoIiEEEPKci
FNDA:1,_ZN7testing8internal26ParameterizedTestSuiteInfoI32LeapYearParameterizedTestFixtureE25AddTestSuiteInstantiationERKNSt7__cxx1112basic_stringIcSt11char_traitsIcESaIcEEEPFNS0_14ParamGeneratorIiEEvEPFS9_RKNS_13TestParamInfoIiEEEPKci
FN:543,_ZN7testing8internal26ParameterizedTestSuiteInfoI32LeapYearParameterizedTestFixtureE13RegisterTestsEv
FNDA:1,_ZN7testing8internal26ParameterizedTestSuiteInfoI32LeapYearParameterizedTestFixtureE13RegisterTestsEv
FN:613,_ZN7testing8internal26ParameterizedTestSuiteInfoI32LeapYearParameterizedTestFixtureE8TestInfoC2EPKcS6_PNS0_19TestMetaFactoryBaseIiEENS0_12CodeLocationE
FNDA:1,_ZN7testing8internal26ParameterizedTestSuiteInfoI32LeapYearParameterizedTestFixtureE8TestInfoC2EPKcS6_PNS0_19TestMetaFactoryBaseIiEENS0_12CodeLocationE
FN:631,_ZN7testing8internal26ParameterizedTestSuiteInfoI32LeapYearParameterizedTestFixtureE17InstantiationInfoC2ERKNSt7__cxx1112basic_stringIcSt11char_traitsIcESaIcEEEPFNS0_14ParamGeneratorIiEEvEPFSA_RKNS_13TestParamInfoIiEEEPKci
FNDA:1,_ZN7testing8internal26ParameterizedTestSuiteInfoI32LeapYearParameterizedTestFixtureE17InstantiationInfoC2ERKNSt7__cxx1112basic_stringIcSt11char_traitsIcESaIcEEEPFNS0_14ParamGeneratorIiEEvEPFSA_RKNS_13TestParamInfoIiEEEPKci
FN:650,_ZN7testing8internal26ParameterizedTestSuiteInfoI32LeapYearParameterizedTestFixtureE16IsValidParamNameERKNSt7__cxx1112basic_stringIcSt11char_traitsIcESaIcEEE
FNDA:4,_ZN7testing8internal26ParameterizedTestSuiteInfoI32LeapYearParameterizedTestFixtureE16IsValidParamNameERKNSt7__cxx1112basic_stringIcSt11char_traitsIcESaIcEEE
FN:696,_ZN7testing8internal30ParameterizedTestSuiteRegistry25GetTestSuitePatternHolderI32LeapYearParameterizedTestFixtureEEPNS0_26ParameterizedTestSuiteInfoIT_EEPKcNS0_12CodeLocationE
FNDA:2,_ZN7testing8internal30ParameterizedTestSuiteRegistry25GetTestSuitePatternHolderI32LeapYearParameterizedTestFixtureEEPNS0_26ParameterizedTestSuiteInfoIT_EEPKcNS0_12CodeLocationE
FN:789,_ZN7testing8internal10ValueArrayIJiiiiEEC2Eiiii
FNDA:1,_ZN7testing8internal10ValueArrayIJiiiiEEC2Eiiii
FN:792,_ZNK7testing8internal10ValueArrayIJiiiiEEcvNS0_14ParamGeneratorIT_EEIiEEv
FNDA:1,_ZNK7testing8internal10ValueArrayIJiiiiEEcvNS0_14ParamGeneratorIT_EEIiEEv
FN:798,_ZNK7testing8internal10ValueArrayIJiiiiEE10MakeVectorIiJLm0ELm1ELm2ELm3EEEESt6vectorIT_SaIS5_EENS0_13IndexSequenceIJXspT0_EEEE
FNDA:1,_ZNK7testing8internal10ValueArrayIJiiiiEE10MakeVectorIiJLm0ELm1ELm2ELm3EEEESt6vectorIT_SaIS5_EENS0_13IndexSequenceIJXspT0_EEEE
DA:59,4
DA:61,4
DA:95,0
DA:95,6
DA:137,12
DA:140,4
DA:141,4
DA:142,4
DA:150,5
DA:151,5
BRDA:151,0,0,5
BRDA:151,0,1,0
BRDA:151,0,2,1
BRDA:151,0,3,4
DA:153,5
DA:154,5
DA:159,6
DA:170,0
DA:170,1
DA:187,1
DA:195,1
DA:196,5
DA:295,1
DA:296,1
BRDA:296,0,0,1
BRDA:296,0,1,0
DA:297,1
DA:297,1
DA:299,1
DA:300,1
BRDA:300,0,0,1
BRDA:300,0,1,0
DA:302,5
DA:303,5
BRDA:303,0,0,5
BRDA:303,0,1,0
DA:311,6
DA:313,6
DA:314,6
DA:314,6
DA:316,10
DA:317,10
DA:319,4
DA:320,4
DA:321,4
DA:322,4
DA:323,0
DA:324,0
DA:333,12
DA:334,12
BRDA:334,0,0,4
BRDA:334,0,1,8
DA:335,12
DA:337,5
DA:340,5
BRDA:340,0,0,0
BRDA:340,0,1,5
DA:342,0
BRDA:342,0,0,-
BRDA:342,0,1,-
BRDA:342,0,2,-
BRDA:342,0,3,-
BRDA:342,0,4,-
BRDA:342,0,5,-
BRDA:342,0,6,-
BRDA:342,0,7,-
DA:343,5
DA:344,5
DA:348,0
DA:352,0
DA:353,0
DA:376,4
DA:377,8
BRDA:377,0,0,4
BRDA:377,0,1,0
DA:378,4
BRDA:378,0,0,4
BRDA:378,0,1,0
DA:379,8
BRDA:379,0,0,4
BRDA:379,0,1,0
DA:387,0
DA:397,4
DA:398,4
DA:399,4
DA:400,4
DA:401,4
BRDA:401,0,0,4
BRDA:401,0,1,0
DA:417,0
DA:417,1
DA:436,1
DA:438,4
DA:439,4
DA:458,0
DA:458,1
DA:471,1
DA:506,1
DA:508,1
BRDA:508,0,0,1
BRDA:508,0,1,0
BRDA:508,0,2,1
BRDA:508,0,3,0
DA:511,1
DA:512,1
DA:515,5
DA:522,1
DA:525,1
BRDA:525,0,0,1
BRDA:525,0,1,0
BRDA:525,0,2,1
BRDA:525,0,3,0
BRDA:525,0,4,1
BRDA:525,0,5,0
BRDA:525,0,6,1
BRDA:525,0,7,0
DA:527,1
DA:530,1
DA:534,1
BRDA:534,0,0,1
BRDA:534,0,1,0
DA:536,1
DA:543,1
DA:544,1
DA:546,2
DA:547,3
BRDA:547,0,0,1
BRDA:547,0,1,1
DA:548,2
DA:549,2
DA:550,2
BRDA:550,0,0,1
BRDA:550,0,1,1
DA:551,1
DA:552,1
DA:553,2
BRDA:553,0,0,1
BRDA:553,0,1,0
DA:554,1
DA:555,1
DA:556,1
DA:558,2
DA:559,1
BRDA:559,0,0,1
BRDA:559,0,1,0
DA:560,1
BRDA:560,0,0,1
BRDA:560,0,1,0
DA:561,1
BRDA:561,0,0,1
BRDA:561,0,1,0
DA:563,1
DA:564,2
DA:565,6
BRDA:565,0,0,1
BRDA:565,0,1,0
DA:567,9
BRDA:567,0,0,5
BRDA:567,0,1,0
BRDA:567,0,2,5
BRDA:567,0,3,0
BRDA:567,0,4,4
BRDA:567,0,5,1
BRDA:567,0,6,4
BRDA:567,0,7,0
DA:568,4
DA:570,8
BRDA:570,0,0,4
BRDA:570,0,1,0
DA:572,4
BRDA:572,0,0,4
BRDA:572,0,1,0
BRDA:572,0,2,4
BRDA:572,0,3,0
DA:575,4
BRDA:575,0,0,4
BRDA:575,0,1,0
BRDA:575,0,2,0
BRDA:575,0,3,4
BRDA:575,0,4,0
BRDA:575,0,5,0
DA:578,0
BRDA:578,0,0,-
BRDA:578,0,1,-
BRDA:578,0,2,-
BRDA:578,0,3,-
BRDA:578,0,4,-
BRDA:578,0,5,-
BRDA:578,0,6,-
BRDA:578,0,7,-
BRDA:578,0,8,-
BRDA:578,0,9,-
BRDA:578,0,10,-
BRDA:578,0,11,-
BRDA:578,0,12,-
BRDA:578,0,13,-
BRDA:578,0,14,-
BRDA:578,0,15,-
DA:580,4
BRDA:580,0,0,4
BRDA:580,0,1,0
BRDA:580,0,2,4
BRDA:580,0,3,0
BRDA:580,0,4,0
BRDA:580,0,5,4
BRDA:580,0,6,0
BRDA:580,0,7,0
DA:582,0
BRDA:582,0,0,-
BRDA:582,0,1,-
BRDA:582,0,2,-
BRDA:582,0,3,-
BRDA:582,0,4,-
BRDA:582,0,5,-
BRDA:582,0,6,-
BRDA:582,0,7,-
BRDA:582,0,8,-
BRDA:582,0,9,-
BRDA:582,0,10,-
BRDA:582,0,11,-
BRDA:582,0,12,-
BRDA:582,0,13,-
BRDA:582,0,14,-
BRDA:582,0,15,-
DA:584,4
BRDA:584,0,0,4
BRDA:584,0,1,0
DA:586,4
BRDA:586,0,0,4
BRDA:586,0,1,0
DA:587,4
BRDA:587,0,0,4
BRDA:587,0,1,0
BRDA:587,0,2,4
BRDA:587,0,3,0
DA:589,4
BRDA:589,0,0,4
BRDA:589,0,1,0
DA:590,8
BRDA:590,0,0,4
BRDA:590,0,1,0
BRDA:590,0,2,4
BRDA:590,0,3,0
BRDA:590,0,4,4
BRDA:590,0,5,0
BRDA:590,0,6,4
BRDA:590,0,7,0
BRDA:590,0,8,4
BRDA:590,0,9,0
BRDA:590,0,10,4
BRDA:590,0,11,0
BRDA:590,0,12,4
BRDA:590,0,13,0
DA:593,4
BRDA:593,0,0,4
BRDA:593,0,1,0
DA:597,4
BRDA:597,0,0,4
BRDA:597,0,1,0
BRDA:597,0,2,4
BRDA:597,0,3,0
DA:602,1
BRDA:602,0,0,0
BRDA:602,0,1,1
DA:604,0
BRDA:604,0,0,-
BRDA:604,0,1,-
BRDA:604,0,2,-
BRDA:604,0,3,-
DA:605,0
DA:607,1
DA:613,1
DA:619,1
BRDA:619,0,0,1
BRDA:619,0,1,0
BRDA:619,0,2,1
BRDA:619,0,3,0
BRDA:619,0,4,1
BRDA:619,0,5,0
DA:631,1
DA:640,1
DA:650,4
DA:652,4
BRDA:652,0,0,0
BRDA:652,0,1,4
DA:653,0
DA:656,8
BRDA:656,0,0,4
BRDA:656,0,1,4
DA:657,4
BRDA:657,0,0,0
BRDA:657,0,1,4
BRDA:657,0,2,0
BRDA:657,0,3,0
BRDA:657,0,4,0
BRDA:657,0,5,4
DA:658,0
DA:661,4
DA:696,2
DA:698,2
DA:699,2
BRDA:699,0,0,1
BRDA:699,0,1,1
DA:700,1
BRDA:700,0,0,1
BRDA:700,0,1,0
BRDA:700,0,2,1
BRDA:700,0,3,0
DA:701,1
BRDA:701,0,0,1
BRDA:701,0,1,0
BRDA:701,0,2,0
BRDA:701,0,3,1
DA:705,0
BRDA:705,0,0,-
BRDA:705,0,1,-
BRDA:705,0,2,-
BRDA:705,0,3,-
DA:706,0
DA:712,1
BRDA:712,0,0,1
BRDA:712,0,1,0
DA:714,1
DA:717,2
BRDA:717,0,0,1
BRDA:717,0,1,1
DA:718,1
BRDA:718,0,0,1
BRDA:718,0,1,0
BRDA:718,0,2,1
BRDA:718,0,3,0
DA:720,1
BRDA:720,0,0,1
BRDA:720,0,1,0
DA:722,2
DA:789,1
DA:792,1
DA:793,1
BRDA:793,0,0,1
BRDA:793,0,1,0
BRDA:793,0,2,1
BRDA:793,0,3,0
DA:798,1
DA:799,1
BRDA:799,0,0,1
BRDA:799,0,1,0
end_of_record
SF:/usr/local/include/gtest/internal/gtest-internal.h
FN:435,_ZN7testing8internal9GetTypeIdI32LeapYearParameterizedTestFixtureEEPKvv
FNDA:6,_ZN7testing8internal9GetTypeIdI32LeapYearParameterizedTestFixtureEEPKvv
FN:454,_ZN7testing8internal15TestFactoryBaseD2Ev
FNDA:4,_ZN7testing8internal15TestFactoryBaseD2Ev
FN:454,_ZN7testing8internal15TestFactoryBaseD0Ev
FNDA:0,_ZN7testing8internal15TestFactoryBaseD0Ev
FN:461,_ZN7testing8internal15TestFactoryBaseC2Ev
FNDA:4,_ZN7testing8internal15TestFactoryBaseC2Ev
FN:493,_ZN7testing8internal12CodeLocationC2ERKNSt7__cxx1112basic_stringIcSt11char_traitsIcESaIcEEEi
FNDA:3,_ZN7testing8internal12CodeLocationC2ERKNSt7__cxx1112basic_stringIcSt11char_traitsIcESaIcEEEi
FN:506,_ZN7testing8internal19GetNotDefaultOrNullEPFvvES2_
FNDA:16,_ZN7testing8internal19GetNotDefaultOrNullEPFvvES2_
FN:521,_ZN7testing8internal16SuiteApiResolverI32LeapYearParameterizedTestFixtureE19GetSetUpCaseOrSuiteEPKci
FNDA:4,_ZN7testing8internal16SuiteApiResolverI32LeapYearParameterizedTestFixtureE19GetSetUpCaseOrSuiteEPKci
FN:536,_ZN7testing8internal16SuiteApiResolverI32LeapYearParameterizedTestFixtureE22GetTearDownCaseOrSuiteEPKci
FNDA:4,_ZN7testing8internal16SuiteApiResolverI32LeapYearParameterizedTestFixtureE22GetTearDownCaseOrSuiteEPKci
FN:836,_ZN7testing8internal11AlwaysFalseEv
FNDA:4,_ZN7testing8internal11AlwaysFalseEv
FN:1187,_ZN7testing8internal17FlatTupleElemBaseINS0_9FlatTupleIJiiiiEEELm0EEC2Ei
FNDA:1,_ZN7testing8internal17FlatTupleElemBaseINS0_9FlatTupleIJiiiiEEELm0EEC2Ei
FN:1187,_ZN7testing8internal17FlatTupleElemBaseINS0_9FlatTupleIJiiiiEEELm1EEC2Ei
FNDA:1,_ZN7testing8internal17FlatTupleElemBaseINS0_9FlatTupleIJiiiiEEELm1EEC2Ei
FN:1187,_ZN7testing8internal17FlatTupleElemBaseINS0_9FlatTupleIJiiiiEEELm2EEC2Ei
FNDA:1,_ZN7testing8internal17FlatTupleElemBaseINS0_9FlatTupleIJiiiiEEELm2EEC2Ei
FN:1187,_ZN7testing8internal17FlatTupleElemBaseINS0_9FlatTupleIJiiiiEEELm3EEC2Ei
FNDA:1,_ZN7testing8internal17FlatTupleElemBaseINS0_9FlatTupleIJiiiiEEELm3EEC2Ei
FN:1199,_ZN7testing8internal13FlatTupleBaseINS0_9FlatTupleIJiiiiEEENS0_13IndexSequenceIJLm0ELm1ELm2ELm3EEEEEC2Eiiii
FNDA:1,_ZN7testing8internal13FlatTupleBaseINS0_9FlatTupleIJiiiiEEENS0_13IndexSequenceIJLm0ELm1ELm2ELm3EEEEEC2Eiiii
FN:1221,_ZN7testing8internal9FlatTupleIJiiiiEEC2Eiiii
FNDA:1,_ZN7testing8internal9FlatTupleIJiiiiEEC2Eiiii
FN:1224,_ZNK7testing8internal9FlatTupleIJiiiiEE3GetILm3EEERKNS0_12ElemFromListIXT_EJiiiiEE4typeEv
FNDA:1,_ZNK7testing8internal9FlatTupleIJiiiiEE3GetILm3EEERKNS0_12ElemFromListIXT_EJiiiiEE4typeEv
FN:1224,_ZNK7testing8internal9FlatTupleIJiiiiEE3GetILm2EEERKNS0_12ElemFromListIXT_EJiiiiEE4typeEv
FNDA:1,_ZNK7testing8internal9FlatTupleIJiiiiEE3GetILm2EEERKNS0_12ElemFromListIXT_EJiiiiEE4typeEv
FN:1224,_ZNK7testing8internal9FlatTupleIJiiiiEE3GetILm1EEERKNS0_12ElemFromListIXT_EJiiiiEE4typeEv
FNDA:1,_ZNK7testing8internal9FlatTupleIJiiiiEE3GetILm1EEERKNS0_12ElemFromListIXT_EJiiiiEE4typeEv
FN:1224,_ZNK7testing8internal9FlatTupleIJiiiiEE3GetILm0EEERKNS0_12ElemFromListIXT_EJiiiiEE4typeEv
FNDA:1,_ZNK7testing8internal9FlatTupleIJiiiiEE3GetILm0EEERKNS0_12ElemFromListIXT_EJiiiiEE4typeEv
DA:435,6
DA:440,6
DA:454,0
DA:454,4
DA:461,4
DA:493,3
DA:494,3
DA:506,16
DA:508,16
BRDA:508,0,0,0
BRDA:508,0,1,16
DA:521,4
DA:524,4
DA:526,4
DA:528,4
BRDA:528,0,0,0
BRDA:528,0,1,4
BRDA:528,0,2,0
BRDA:528,0,3,0
BRDA:528,0,4,0
BRDA:528,0,5,4
DA:531,0
BRDA:531,0,0,-
BRDA:531,0,1,-
BRDA:531,0,2,-
BRDA:531,0,3,-
BRDA:531,0,4,-
BRDA:531,0,5,-
BRDA:531,0,6,-
BRDA:531,0,7,-
BRDA:531,0,8,-
BRDA:531,0,9,-
DA:533,4
BRDA:533,0,0,0
BRDA:533,0,1,4
DA:536,4
DA:539,4
DA:541,4
DA:543,4
BRDA:543,0,0,0
BRDA:543,0,1,4
BRDA:543,0,2,0
BRDA:543,0,3,0
BRDA:543,0,4,0
BRDA:543,0,5,4
DA:546,0
BRDA:546,0,0,-
BRDA:546,0,1,-
BRDA:546,0,2,-
BRDA:546,0,3,-
BRDA:546,0,4,-
BRDA:546,0,5,-
BRDA:546,0,6,-
BRDA:546,0,7,-
BRDA:546,0,8,-
BRDA:546,0,9,-
DA:548,4
BRDA:548,0,0,0
BRDA:548,0,1,4
DA:836,4
DA:1187,1
DA:1187,1
DA:1187,1
DA:1187,1
DA:1199,1
DA:1200,1
DA:1221,1
DA:1224,1
DA:1225,1
DA:1224,1
DA:1225,1
DA:1224,1
DA:1225,1
DA:1224,1
DA:1225,1
end_of_record
SF:/usr/include/c++/9/bits/vector.tcc
FN:109,_ZNSt6vectorIN7testing8internal26ParameterizedTestSuiteInfoI32LeapYearParameterizedTestFixtureE17InstantiationInfoESaIS5_EE12emplace_backIJS5_EEEvDpOT_
FNDA:1,_ZNSt6vectorIN7testing8internal26ParameterizedTestSuiteInfoI32LeapYearParameterizedTestFixtureE17InstantiationInfoESaIS5_EE12emplace_backIJS5_EEEvDpOT_
FN:109,_ZNSt6vectorISt10shared_ptrIN7testing8internal26ParameterizedTestSuiteInfoI32LeapYearParameterizedTestFixtureE8TestInfoEESaIS7_EE12emplace_backIJS7_EEEvDpOT_
FNDA:1,_ZNSt6vectorISt10shared_ptrIN7testing8internal26ParameterizedTestSuiteInfoI32LeapYearParameterizedTestFixtureE8TestInfoEESaIS7_EE12emplace_backIJS7_EEEvDpOT_
FN:109,_ZNSt6vectorIPN7testing8internal30ParameterizedTestSuiteInfoBaseESaIS3_EE12emplace_backIJS3_EEEvDpOT_
FNDA:1,_ZNSt6vectorIPN7testing8internal30ParameterizedTestSuiteInfoBaseESaIS3_EE12emplace_backIJS3_EEEvDpOT_
FN:426,_ZNSt6vectorIN7testing8internal26ParameterizedTestSuiteInfoI32LeapYearParameterizedTestFixtureE17InstantiationInfoESaIS5_EE17_M_realloc_insertIJS5_EEEvN9__gnu_cxx17__normal_iteratorIPS5_S7_EEDpOT_
FNDA:1,_ZNSt6vectorIN7testing8internal26ParameterizedTestSuiteInfoI32LeapYearParameterizedTestFixtureE17InstantiationInfoESaIS5_EE17_M_realloc_insertIJS5_EEEvN9__gnu_cxx17__normal_iteratorIPS5_S7_EEDpOT_
FN:426,_ZNSt6vectorISt10shared_ptrIN7testing8internal26ParameterizedTestSuiteInfoI32LeapYearParameterizedTestFixtureE8TestInfoEESaIS7_EE17_M_realloc_insertIJS7_EEEvN9__gnu_cxx17__normal_iteratorIPS7_S9_EEDpOT_
FNDA:1,_ZNSt6vectorISt10shared_ptrIN7testing8internal26ParameterizedTestSuiteInfoI32LeapYearParameterizedTestFixtureE8TestInfoEESaIS7_EE17_M_realloc_insertIJS7_EEEvN9__gnu_cxx17__normal_iteratorIPS7_S9_EEDpOT_
FN:426,_ZNSt6vectorIPN7testing8internal30ParameterizedTestSuiteInfoBaseESaIS3_EE17_M_realloc_insertIJS3_EEEvN9__gnu_cxx17__normal_iteratorIPS3_S5_EEDpOT_
FNDA:1,_ZNSt6vectorIPN7testing8internal30ParameterizedTestSuiteInfoBaseESaIS3_EE17_M_realloc_insertIJS3_EEEvN9__gnu_cxx17__normal_iteratorIPS3_S5_EEDpOT_
DA:109,1
DA:112,1
BRDA:112,0,0,0
BRDA:112,0,1,1
DA:115,0
DA:117,0
DA:121,1
DA:125,1
DA:109,1
DA:112,1
BRDA:112,0,0,0
BRDA:112,0,1,1
DA:115,0
DA:117,0
DA:121,1
DA:125,1
DA:109,1
DA:112,1
BRDA:112,0,0,0
BRDA:112,0,1,1
DA:115,0
DA:117,0
DA:121,1
DA:125,1
DA:426,1
DA:435,1
DA:437,1
DA:438,1
DA:439,1
DA:440,1
DA:441,1
DA:449,1
DA:450,1
DA:456,1
DA:459,1
BRDA:459,0,0,1
BRDA:459,0,1,0
BRDA:459,0,2,1
BRDA:459,0,3,0
DA:461,1
DA:462,1
DA:464,1
DA:466,1
DA:467,1
DA:474,0
BRDA:474,0,0,-
BRDA:474,0,1,-
DA:475,0
DA:477,0
DA:481,0
BRDA:481,0,0,-
BRDA:481,0,1,-
DA:482,0
DA:485,0
DA:487,0
BRDA:487,0,0,0
BRDA:487,0,1,0
DA:488,0
DA:489,0
DA:491,0
BRDA:491,0,0,0
BRDA:491,0,1,0
DA:492,0
BRDA:492,0,0,0
BRDA:492,0,1,0
DA:493,0
DA:496,1
BRDA:496,0,0,0
BRDA:496,0,1,1
DA:498,0
DA:500,1
DA:501,1
DA:502,1
DA:503,1
DA:504,1
DA:505,1
DA:426,1
DA:435,1
DA:437,1
DA:438,1
DA:439,1
DA:440,1
DA:441,1
DA:449,1
DA:450,1
DA:456,1
DA:459,1
BRDA:459,0,0,1
BRDA:459,0,1,0
BRDA:459,0,2,1
BRDA:459,0,3,0
DA:461,1
DA:462,1
DA:464,1
DA:466,1
DA:467,1
DA:474,0
BRDA:474,0,0,-
BRDA:474,0,1,-
DA:475,0
DA:477,0
DA:481,0
BRDA:481,0,0,-
BRDA:481,0,1,-
DA:482,0
DA:485,0
DA:487,0
BRDA:487,0,0,0
BRDA:487,0,1,0
DA:488,0
DA:489,0
DA:491,0
BRDA:491,0,0,0
BRDA:491,0,1,0
DA:492,0
BRDA:492,0,0,0
BRDA:492,0,1,0
DA:493,0
DA:496,1
BRDA:496,0,0,0
BRDA:496,0,1,1
DA:498,0
DA:500,1
DA:501,1
DA:502,1
DA:503,1
DA:504,1
DA:505,1
DA:426,1
DA:435,1
DA:437,1
DA:438,1
DA:439,1
DA:440,1
DA:441,1
DA:449,1
DA:450,1
DA:456,1
DA:459,1
BRDA:459,0,0,1
BRDA:459,0,1,0
BRDA:459,0,2,1
BRDA:459,0,3,0
DA:461,1
DA:462,1
DA:464,1
DA:466,1
DA:467,1
DA:474,0
BRDA:474,0,0,-
BRDA:474,0,1,-
DA:475,0
DA:477,0
DA:481,0
BRDA:481,0,0,-
BRDA:481,0,1,-
DA:482,0
DA:485,0
DA:487,0
BRDA:487,0,0,0
BRDA:487,0,1,0
DA:488,0
DA:489,0
DA:491,0
BRDA:491,0,0,0
BRDA:491,0,1,0
DA:492,0
BRDA:492,0,0,0
BRDA:492,0,1,0
DA:493,0
DA:496,1
BRDA:496,0,0,0
BRDA:496,0,1,1
DA:498,0
DA:500,1
DA:501,1
DA:502,1
DA:503,1
DA:504,1
DA:505,1
end_of_record
SF:/usr/include/c++/9/initializer_list
FN:71,_ZNKSt16initializer_listIiE4sizeEv
FNDA:1,_ZNKSt16initializer_listIiE4sizeEv
FN:75,_ZNKSt16initializer_listIiE5beginEv
FNDA:2,_ZNKSt16initializer_listIiE5beginEv
FN:79,_ZNKSt16initializer_listIiE3endEv
FNDA:1,_ZNKSt16initializer_listIiE3endEv
DA:71,1
DA:75,2
DA:79,1
end_of_record
SF:/usr/include/x86_64-linux-gnu/c++/9/bits/gthr-default.h
FN:248,_ZL18__gthread_active_pv
FNDA:6,_ZL18__gthread_active_pv
DA:248,6
DA:252,6
end_of_record
SF:/usr/include/c++/9/bits/stl_function.h
FN:385,_ZNKSt4lessINSt7__cxx1112basic_stringIcSt11char_traitsIcESaIcEEEEclERKS5_S8_
FNDA:16,_ZNKSt4lessINSt7__cxx1112basic_stringIcSt11char_traitsIcESaIcEEEEclERKS5_S8_
FN:1139,_ZNKSt9_IdentityINSt7__cxx1112basic_stringIcSt11char_traitsIcESaIcEEEEclERKS5_
FNDA:23,_ZNKSt9_IdentityINSt7__cxx1112basic_stringIcSt11char_traitsIcESaIcEEEEclERKS5_
DA:385,16
DA:386,16
DA:1139,23
DA:1140,23
end_of_record
SF:/usr/include/c++/9/ext/atomicity.h
FN:48,_ZN9__gnu_cxxL18__exchange_and_addEPVii
FNDA:5,_ZN9__gnu_cxxL18__exchange_and_addEPVii
FN:52,_ZN9__gnu_cxxL12__atomic_addEPVii
FNDA:1,_ZN9__gnu_cxxL12__atomic_addEPVii
FN:65,_ZN9__gnu_cxxL25__exchange_and_add_singleEPii
FNDA:0,_ZN9__gnu_cxxL25__exchange_and_add_singleEPii
FN:73,_ZN9__gnu_cxxL19__atomic_add_singleEPii
FNDA:0,_ZN9__gnu_cxxL19__atomic_add_singleEPii
FN:78,_ZN9__gnu_cxxL27__exchange_and_add_dispatchEPii
FNDA:5,_ZN9__gnu_cxxL27__exchange_and_add_dispatchEPii
FN:92,_ZN9__gnu_cxxL21__atomic_add_dispatchEPii
FNDA:1,_ZN9__gnu_cxxL21__atomic_add_dispatchEPii
DA:48,5
DA:49,5
DA:52,1
DA:53,1
DA:65,0
DA:67,0
DA:68,0
DA:69,0
DA:73,0
DA:74,0
DA:78,5
DA:81,5
BRDA:81,0,0,5
BRDA:81,0,1,0
DA:82,5
DA:84,0
DA:92,1
DA:95,1
BRDA:95,0,0,1
BRDA:95,0,1,0
DA:96,1
DA:98,0
DA:102,1
end_of_record
SF:/usr/include/c++/9/typeinfo
FN:120,_ZNKSt9type_infoeqERKS_
FNDA:6,_ZNKSt9type_infoeqERKS_
DA:120,6
DA:122,6
DA:123,6
BRDA:123,0,0,0
BRDA:123,0,1,6
BRDA:123,0,2,0
BRDA:123,0,3,0
DA:124,6
BRDA:124,0,0,0
BRDA:124,0,1,0
end_of_record
SF:/usr/include/c++/9/bits/stl_iterator.h
FN:806,_ZN9__gnu_cxx17__normal_iteratorIPN7testing8internal26ParameterizedTestSuiteInfoI32LeapYearParameterizedTestFixtureE17InstantiationInfoESt6vectorIS6_SaIS6_EEEC2ERKS7_
FNDA:5,_ZN9__gnu_cxx17__normal_iteratorIPN7testing8internal26ParameterizedTestSuiteInfoI32LeapYearParameterizedTestFixtureE17InstantiationInfoESt6vectorIS6_SaIS6_EEEC2ERKS7_
FN:806,_ZN9__gnu_cxx17__normal_iteratorIPSt10shared_ptrIN7testing8internal26ParameterizedTestSuiteInfoI32LeapYearParameterizedTestFixtureE8TestInfoEESt6vectorIS8_SaIS8_EEEC2ERKS9_
FNDA:5,_ZN9__gnu_cxx17__normal_iteratorIPSt10shared_ptrIN7testing8internal26ParameterizedTestSuiteInfoI32LeapYearParameterizedTestFixtureE8TestInfoEESt6vectorIS8_SaIS8_EEEC2ERKS9_
FN:806,_ZN9__gnu_cxx17__normal_iteratorIPKSt10shared_ptrIN7testing8internal26ParameterizedTestSuiteInfoI32LeapYearParameterizedTestFixtureE8TestInfoEESt6vectorIS8_SaIS8_EEEC2ERKSA_
FNDA:0,_ZN9__gnu_cxx17__normal_iteratorIPKSt10shared_ptrIN7testing8internal26ParameterizedTestSuiteInfoI32LeapYearParameterizedTestFixtureE8TestInfoEESt6vectorIS8_SaIS8_EEEC2ERKSA_
FN:806,_ZN9__gnu_cxx17__normal_iteratorIPKiSt6vectorIiSaIiEEEC2ERKS2_
FNDA:8,_ZN9__gnu_cxx17__normal_iteratorIPKiSt6vectorIiSaIiEEEC2ERKS2_
FN:806,_ZN9__gnu_cxx17__normal_iteratorIPPN7testing8internal30ParameterizedTestSuiteInfoBaseESt6vectorIS4_SaIS4_EEEC2ERKS5_
FNDA:10,_ZN9__gnu_cxx17__normal_iteratorIPPN7testing8internal30ParameterizedTestSuiteInfoBaseESt6vectorIS4_SaIS4_EEEC2ERKS5_
FN:819,_ZNK9__gnu_cxx17__normal_iteratorIPKiSt6vectorIiSaIiEEEdeEv
FNDA:4,_ZNK9__gnu_cxx17__normal_iteratorIPKiSt6vectorIiSaIiEEEdeEv
FN:819,_ZNK9__gnu_cxx17__normal_iteratorIPPN7testing8internal30ParameterizedTestSuiteInfoBaseESt6vectorIS4_SaIS4_EEEdeEv
FNDA:3,_ZNK9__gnu_cxx17__normal_iteratorIPPN7testing8internal30ParameterizedTestSuiteInfoBaseESt6vectorIS4_SaIS4_EEEdeEv
FN:819,_ZNK9__gnu_cxx17__normal_iteratorIPSt10shared_ptrIN7testing8internal26ParameterizedTestSuiteInfoI32LeapYearParameterizedTestFixtureE8TestInfoEESt6vectorIS8_SaIS8_EEEdeEv
FNDA:1,_ZNK9__gnu_cxx17__normal_iteratorIPSt10shared_ptrIN7testing8internal26ParameterizedTestSuiteInfoI32LeapYearParameterizedTestFixtureE8TestInfoEESt6vectorIS8_SaIS8_EEEdeEv
FN:823,_ZNK9__gnu_cxx17__normal_iteratorIPN7testing8internal26ParameterizedTestSuiteInfoI32LeapYearParameterizedTestFixtureE17InstantiationInfoESt6vectorIS6_SaIS6_EEEptEv
FNDA:5,_ZNK9__gnu_cxx17__normal_iteratorIPN7testing8internal26ParameterizedTestSuiteInfoI32LeapYearParameterizedTestFixtureE17InstantiationInfoESt6vectorIS6_SaIS6_EEEptEv
FN:827,_ZN9__gnu_cxx17__normal_iteratorIPSt10shared_ptrIN7testing8internal26ParameterizedTestSuiteInfoI32LeapYearParameterizedTestFixtureE8TestInfoEESt6vectorIS8_SaIS8_EEEppEv
FNDA:1,_ZN9__gnu_cxx17__normal_iteratorIPSt10shared_ptrIN7testing8internal26ParameterizedTestSuiteInfoI32LeapYearParameterizedTestFixtureE8TestInfoEESt6vectorIS8_SaIS8_EEEppEv
FN:827,_ZN9__gnu_cxx17__normal_iteratorIPPN7testing8internal30ParameterizedTestSuiteInfoBaseESt6vectorIS4_SaIS4_EEEppEv
FNDA:2,_ZN9__gnu_cxx17__normal_iteratorIPPN7testing8internal30ParameterizedTestSuiteInfoBaseESt6vectorIS4_SaIS4_EEEppEv
FN:827,_ZN9__gnu_cxx17__normal_iteratorIPN7testing8internal26ParameterizedTestSuiteInfoI32LeapYearParameterizedTestFixtureE17InstantiationInfoESt6vectorIS6_SaIS6_EEEppEv
FNDA:1,_ZN9__gnu_cxx17__normal_iteratorIPN7testing8internal26ParameterizedTestSuiteInfoI32LeapYearParameterizedTestFixtureE17InstantiationInfoESt6vectorIS6_SaIS6_EEEppEv
FN:827,_ZN9__gnu_cxx17__normal_iteratorIPKiSt6vectorIiSaIiEEEppEv
FNDA:4,_ZN9__gnu_cxx17__normal_iteratorIPKiSt6vectorIiSaIiEEEppEv
FN:871,_ZNK9__gnu_cxx17__normal_iteratorIPPN7testing8internal30ParameterizedTestSuiteInfoBaseESt6vectorIS4_SaIS4_EEE4baseEv
FNDA:16,_ZNK9__gnu_cxx17__normal_iteratorIPPN7testing8internal30ParameterizedTestSuiteInfoBaseESt6vectorIS4_SaIS4_EEE4baseEv
FN:871,_ZNK9__gnu_cxx17__normal_iteratorIPKSt10shared_ptrIN7testing8internal26ParameterizedTestSuiteInfoI32LeapYearParameterizedTestFixtureE8TestInfoEESt6vectorIS8_SaIS8_EEE4baseEv
FNDA:0,_ZNK9__gnu_cxx17__normal_iteratorIPKSt10shared_ptrIN7testing8internal26ParameterizedTestSuiteInfoI32LeapYearParameterizedTestFixtureE8TestInfoEESt6vectorIS8_SaIS8_EEE4baseEv
FN:871,_ZNK9__gnu_cxx17__normal_iteratorIPKiSt6vectorIiSaIiEEE4baseEv
FNDA:14,_ZNK9__gnu_cxx17__normal_iteratorIPKiSt6vectorIiSaIiEEE4baseEv
FN:871,_ZNK9__gnu_cxx17__normal_iteratorIPSt10shared_ptrIN7testing8internal26ParameterizedTestSuiteInfoI32LeapYearParameterizedTestFixtureE8TestInfoEESt6vectorIS8_SaIS8_EEE4baseEv
FNDA:8,_ZNK9__gnu_cxx17__normal_iteratorIPSt10shared_ptrIN7testing8internal26ParameterizedTestSuiteInfoI32LeapYearParameterizedTestFixtureE8TestInfoEESt6vectorIS8_SaIS8_EEE4baseEv
FN:871,_ZNK9__gnu_cxx17__normal_iteratorIPN7testing8internal26ParameterizedTestSuiteInfoI32LeapYearParameterizedTestFixtureE17InstantiationInfoESt6vectorIS6_SaIS6_EEE4baseEv
FNDA:8,_ZNK9__gnu_cxx17__normal_iteratorIPN7testing8internal26ParameterizedTestSuiteInfoI32LeapYearParameterizedTestFixtureE17InstantiationInfoESt6vectorIS6_SaIS6_EEE4baseEv
FN:893,_ZN9__gnu_cxxeqIPKiSt6vectorIiSaIiEEEEbRKNS_17__normal_iteratorIT_T0_EESB_
FNDA:5,_ZN9__gnu_cxxeqIPKiSt6vectorIiSaIiEEEEbRKNS_17__normal_iteratorIT_T0_EESB_
FN:893,_ZN9__gnu_cxxeqIPKSt10shared_ptrIN7testing8internal26ParameterizedTestSuiteInfoI32LeapYearParameterizedTestFixtureE8TestInfoEESt6vectorIS8_SaIS8_EEEEbRKNS_17__normal_iteratorIT_T0_EESJ_
FNDA:0,_ZN9__gnu_cxxeqIPKSt10shared_ptrIN7testing8internal26ParameterizedTestSuiteInfoI32LeapYearParameterizedTestFixtureE8TestInfoEESt6vectorIS8_SaIS8_EEEEbRKNS_17__normal_iteratorIT_T0_EESJ_
FN:907,_ZN9__gnu_cxxneIPPN7testing8internal30ParameterizedTestSuiteInfoBaseESt6vectorIS4_SaIS4_EEEEbRKNS_17__normal_iteratorIT_T0_EESE_
FNDA:6,_ZN9__gnu_cxxneIPPN7testing8internal30ParameterizedTestSuiteInfoBaseESt6vectorIS4_SaIS4_EEEEbRKNS_17__normal_iteratorIT_T0_EESE_
FN:907,_ZN9__gnu_cxxneIPN7testing8internal26ParameterizedTestSuiteInfoI32LeapYearParameterizedTestFixtureE17InstantiationInfoESt6vectorIS6_SaIS6_EEEEbRKNS_17__normal_iteratorIT_T0_EESG_
FNDA:2,_ZN9__gnu_cxxneIPN7testing8internal26ParameterizedTestSuiteInfoI32LeapYearParameterizedTestFixtureE17InstantiationInfoESt6vectorIS6_SaIS6_EEEEbRKNS_17__normal_iteratorIT_T0_EESG_
FN:907,_ZN9__gnu_cxxneIPSt10shared_ptrIN7testing8internal26ParameterizedTestSuiteInfoI32LeapYearParameterizedTestFixtureE8TestInfoEESt6vectorIS8_SaIS8_EEEEbRKNS_17__normal_iteratorIT_T0_EESI_
FNDA:2,_ZN9__gnu_cxxneIPSt10shared_ptrIN7testing8internal26ParameterizedTestSuiteInfoI32LeapYearParameterizedTestFixtureE8TestInfoEESt6vectorIS8_SaIS8_EEEEbRKNS_17__normal_iteratorIT_T0_EESI_
FN:989,_ZN9__gnu_cxxmiIPKiSt6vectorIiSaIiEEEENS_17__normal_iteratorIT_T0_E15difference_typeERKS9_SC_
FNDA:1,_ZN9__gnu_cxxmiIPKiSt6vectorIiSaIiEEEENS_17__normal_iteratorIT_T0_E15difference_typeERKS9_SC_
FN:989,_ZN9__gnu_cxxmiIPPN7testing8internal30ParameterizedTestSuiteInfoBaseESt6vectorIS4_SaIS4_EEEENS_17__normal_iteratorIT_T0_E15difference_typeERKSC_SF_
FNDA:1,_ZN9__gnu_cxxmiIPPN7testing8internal30ParameterizedTestSuiteInfoBaseESt6vectorIS4_SaIS4_EEEENS_17__normal_iteratorIT_T0_E15difference_typeERKSC_SF_
FN:989,_ZN9__gnu_cxxmiIPSt10shared_ptrIN7testing8internal26ParameterizedTestSuiteInfoI32LeapYearParameterizedTestFixtureE8TestInfoEESt6vectorIS8_SaIS8_EEEENS_17__normal_iteratorIT_T0_E15difference_typeERKSG_SJ_
FNDA:1,_ZN9__gnu_cxxmiIPSt10shared_ptrIN7testing8internal26ParameterizedTestSuiteInfoI32LeapYearParameterizedTestFixtureE8TestInfoEESt6vectorIS8_SaIS8_EEEENS_17__normal_iteratorIT_T0_E15difference_typeERKSG_SJ_
FN:989,_ZN9__gnu_cxxmiIPN7testing8internal26ParameterizedTestSuiteInfoI32LeapYearParameterizedTestFixtureE17InstantiationInfoESt6vectorIS6_SaIS6_EEEENS_17__normal_iteratorIT_T0_E15difference_typeERKSE_SH_
FNDA:1,_ZN9__gnu_cxxmiIPN7testing8internal26ParameterizedTestSuiteInfoI32LeapYearParameterizedTestFixtureE17InstantiationInfoESt6vectorIS6_SaIS6_EEEENS_17__normal_iteratorIT_T0_E15difference_typeERKSE_SH_
FN:1010,_ZSt12__niter_baseIPKiSt6vectorIiSaIiEEET_N9__gnu_cxx17__normal_iteratorIS5_T0_EE
FNDA:2,_ZSt12__niter_baseIPKiSt6vectorIiSaIiEEET_N9__gnu_cxx17__normal_iteratorIS5_T0_EE
FN:1057,_ZNSt13move_iteratorIPN7testing8internal26ParameterizedTestSuiteInfoI32LeapYearParameterizedTestFixtureE17InstantiationInfoEEC2ES6_
FNDA:0,_ZNSt13move_iteratorIPN7testing8internal26ParameterizedTestSuiteInfoI32LeapYearParameterizedTestFixtureE17InstantiationInfoEEC2ES6_
FN:1057,_ZNSt13move_iteratorIPSt10shared_ptrIN7testing8internal26ParameterizedTestSuiteInfoI32LeapYearParameterizedTestFixtureE8TestInfoEEEC2ES8_
FNDA:0,_ZNSt13move_iteratorIPSt10shared_ptrIN7testing8internal26ParameterizedTestSuiteInfoI32LeapYearParameterizedTestFixtureE8TestInfoEEEC2ES8_
FN:1057,_ZNSt13move_iteratorIPPN7testing8internal30ParameterizedTestSuiteInfoBaseEEC2ES4_
FNDA:0,_ZNSt13move_iteratorIPPN7testing8internal30ParameterizedTestSuiteInfoBaseEEC2ES4_
FN:1066,_ZNKSt13move_iteratorIPN7testing8internal26ParameterizedTestSuiteInfoI32LeapYearParameterizedTestFixtureE17InstantiationInfoEE4baseEv
FNDA:0,_ZNKSt13move_iteratorIPN7testing8internal26ParameterizedTestSuiteInfoI32LeapYearParameterizedTestFixtureE17InstantiationInfoEE4baseEv
FN:1066,_ZNKSt13move_iteratorIPSt10shared_ptrIN7testing8internal26ParameterizedTestSuiteInfoI32LeapYearParameterizedTestFixtureE8TestInfoEEE4baseEv
FNDA:0,_ZNKSt13move_iteratorIPSt10shared_ptrIN7testing8internal26ParameterizedTestSuiteInfoI32LeapYearParameterizedTestFixtureE8TestInfoEEE4baseEv
FN:1066,_ZNKSt13move_iteratorIPPN7testing8internal30ParameterizedTestSuiteInfoBaseEE4baseEv
FNDA:0,_ZNKSt13move_iteratorIPPN7testing8internal30ParameterizedTestSuiteInfoBaseEE4baseEv
FN:1070,_ZNKSt13move_iteratorIPN7testing8internal26ParameterizedTestSuiteInfoI32LeapYearParameterizedTestFixtureE17InstantiationInfoEEdeEv
FNDA:0,_ZNKSt13move_iteratorIPN7testing8internal26ParameterizedTestSuiteInfoI32LeapYearParameterizedTestFixtureE17InstantiationInfoEEdeEv
FN:1070,_ZNKSt13move_iteratorIPSt10shared_ptrIN7testing8internal26ParameterizedTestSuiteInfoI32LeapYearParameterizedTestFixtureE8TestInfoEEEdeEv
FNDA:0,_ZNKSt13move_iteratorIPSt10shared_ptrIN7testing8internal26ParameterizedTestSuiteInfoI32LeapYearParameterizedTestFixtureE8TestInfoEEEdeEv
FN:1078,_ZNSt13move_iteratorIPN7testing8internal26ParameterizedTestSuiteInfoI32LeapYearParameterizedTestFixtureE17InstantiationInfoEEppEv
FNDA:0,_ZNSt13move_iteratorIPN7testing8internal26ParameterizedTestSuiteInfoI32LeapYearParameterizedTestFixtureE17InstantiationInfoEEppEv
FN:1078,_ZNSt13move_iteratorIPSt10shared_ptrIN7testing8internal26ParameterizedTestSuiteInfoI32LeapYearParameterizedTestFixtureE8TestInfoEEEppEv
FNDA:0,_ZNSt13move_iteratorIPSt10shared_ptrIN7testing8internal26ParameterizedTestSuiteInfoI32LeapYearParameterizedTestFixtureE8TestInfoEEEppEv
FN:1145,_ZSteqIPSt10shared_ptrIN7testing8internal26ParameterizedTestSuiteInfoI32LeapYearParameterizedTestFixtureE8TestInfoEEEbRKSt13move_iteratorIT_ESD_
FNDA:0,_ZSteqIPSt10shared_ptrIN7testing8internal26ParameterizedTestSuiteInfoI32LeapYearParameterizedTestFixtureE8TestInfoEEEbRKSt13move_iteratorIT_ESD_
FN:1145,_ZSteqIPN7testing8internal26ParameterizedTestSuiteInfoI32LeapYearParameterizedTestFixtureE17InstantiationInfoEEbRKSt13move_iteratorIT_ESB_
FNDA:0,_ZSteqIPN7testing8internal26ParameterizedTestSuiteInfoI32LeapYearParameterizedTestFixtureE17InstantiationInfoEEbRKSt13move_iteratorIT_ESB_
FN:1157,_ZStneIPSt10shared_ptrIN7testing8internal26ParameterizedTestSuiteInfoI32LeapYearParameterizedTestFixtureE8TestInfoEEEbRKSt13move_iteratorIT_ESD_
FNDA:0,_ZStneIPSt10shared_ptrIN7testing8internal26ParameterizedTestSuiteInfoI32LeapYearParameterizedTestFixtureE8TestInfoEEEbRKSt13move_iteratorIT_ESD_
FN:1157,_ZStneIPN7testing8internal26ParameterizedTestSuiteInfoI32LeapYearParameterizedTestFixtureE17InstantiationInfoEEbRKSt13move_iteratorIT_ESB_
FNDA:0,_ZStneIPN7testing8internal26ParameterizedTestSuiteInfoI32LeapYearParameterizedTestFixtureE17InstantiationInfoEEbRKSt13move_iteratorIT_ESB_
FN:1242,_ZSt32__make_move_if_noexcept_iteratorIPN7testing8internal30ParameterizedTestSuiteInfoBaseESt13move_iteratorIPS3_EET0_PT_
FNDA:0,_ZSt32__make_move_if_noexcept_iteratorIPN7testing8internal30ParameterizedTestSuiteInfoBaseESt13move_iteratorIPS3_EET0_PT_
FN:1242,_ZSt32__make_move_if_noexcept_iteratorISt10shared_ptrIN7testing8internal26ParameterizedTestSuiteInfoI32LeapYearParameterizedTestFixtureE8TestInfoEESt13move_iteratorIPS7_EET0_PT_
FNDA:0,_ZSt32__make_move_if_noexcept_iteratorISt10shared_ptrIN7testing8internal26ParameterizedTestSuiteInfoI32LeapYearParameterizedTestFixtureE8TestInfoEESt13move_iteratorIPS7_EET0_PT_
FN:1242,_ZSt32__make_move_if_noexcept_iteratorIN7testing8internal26ParameterizedTestSuiteInfoI32LeapYearParameterizedTestFixtureE17InstantiationInfoESt13move_iteratorIPS5_EET0_PT_
FNDA:0,_ZSt32__make_move_if_noexcept_iteratorIN7testing8internal26ParameterizedTestSuiteInfoI32LeapYearParameterizedTestFixtureE17InstantiationInfoESt13move_iteratorIPS5_EET0_PT_
FN:1262,_ZSt12__miter_baseIPPN7testing8internal30ParameterizedTestSuiteInfoBaseEEDTcl12__miter_basecldtfp_4baseEEESt13move_iteratorIT_E
FNDA:0,_ZSt12__miter_baseIPPN7testing8internal30ParameterizedTestSuiteInfoBaseEEDTcl12__miter_basecldtfp_4baseEEESt13move_iteratorIT_E
DA:806,0
DA:807,0
DA:806,5
DA:807,5
DA:806,5
DA:807,5
DA:806,8
DA:807,8
DA:806,10
DA:807,10
DA:819,4
DA:820,4
DA:819,1
DA:820,1
DA:819,3
DA:820,3
DA:823,5
DA:824,5
DA:827,4
DA:829,4
DA:830,4
DA:827,1
DA:829,1
DA:830,1
DA:827,1
DA:829,1
DA:830,1
DA:827,2
DA:829,2
DA:830,2
DA:871,0
DA:872,0
DA:871,14
DA:872,14
DA:871,8
DA:872,8
DA:871,8
DA:872,8
DA:871,16
DA:872,16
DA:893,5
DA:896,5
DA:893,0
DA:896,0
DA:907,2
DA:910,2
DA:907,2
DA:910,2
DA:907,6
DA:910,6
DA:989,1
DA:992,1
DA:989,1
DA:992,1
DA:989,1
DA:992,1
DA:989,1
DA:992,1
DA:1010,2
DA:1012,2
DA:1057,0
DA:1058,0
DA:1057,0
DA:1058,0
DA:1057,0
DA:1058,0
DA:1066,0
DA:1067,0
DA:1066,0
DA:1067,0
DA:1066,0
DA:1067,0
DA:1070,0
DA:1071,0
DA:1070,0
DA:1071,0
DA:1078,0
DA:1080,0
DA:1081,0
DA:1078,0
DA:1080,0
DA:1081,0
DA:1145,0
DA:1147,0
DA:1145,0
DA:1147,0
DA:1157,0
DA:1159,0
DA:1157,0
DA:1159,0
DA:1242,0
DA:1243,0
DA:1242,0
DA:1243,0
DA:1242,0
DA:1243,0
DA:1262,0
DA:1264,0
end_of_record
SF:/usr/include/c++/9/bits/shared_ptr.h
FN:129,_ZNSt10shared_ptrIN7testing8internal26ParameterizedTestSuiteInfoI32LeapYearParameterizedTestFixtureE8TestInfoEEC2ERKS6_
FNDA:1,_ZNSt10shared_ptrIN7testing8internal26ParameterizedTestSuiteInfoI32LeapYearParameterizedTestFixtureE8TestInfoEEC2ERKS6_
FN:139,_ZNSt10shared_ptrIKN7testing8internal23ParamGeneratorInterfaceIiEEEC2IS3_vEEPT_
FNDA:1,_ZNSt10shared_ptrIKN7testing8internal23ParamGeneratorInterfaceIiEEEC2IS3_vEEPT_
FN:139,_ZNSt10shared_ptrIN7testing8internal26ParameterizedTestSuiteInfoI32LeapYearParameterizedTestFixtureE8TestInfoEEC2IS5_vEEPT_
FNDA:1,_ZNSt10shared_ptrIN7testing8internal26ParameterizedTestSuiteInfoI32LeapYearParameterizedTestFixtureE8TestInfoEEC2IS5_vEEPT_
FN:254,_ZNSt10shared_ptrIN7testing8internal26ParameterizedTestSuiteInfoI32LeapYearParameterizedTestFixtureE8TestInfoEEC2EOS6_
FNDA:1,_ZNSt10shared_ptrIN7testing8internal26ParameterizedTestSuiteInfoI32LeapYearParameterizedTestFixtureE8TestInfoEEC2EOS6_
DA:129,1
DA:139,1
DA:139,1
DA:254,1
DA:255,1
end_of_record
SF:/usr/include/c++/9/bits/stl_pair.h
FN:311,_ZNSt4pairIPSt18_Rb_tree_node_baseS1_EC2IRS1_Lb1EEEOT_RKS1_
FNDA:0,_ZNSt4pairIPSt18_Rb_tree_node_baseS1_EC2IRS1_Lb1EEEOT_RKS1_
FN:341,_ZNSt4pairIPSt18_Rb_tree_node_baseS1_EC2IRPSt13_Rb_tree_nodeINSt7__cxx1112basic_stringIcSt11char_traitsIcESaIcEEEERS1_Lb1EEEOT_OT0_
FNDA:4,_ZNSt4pairIPSt18_Rb_tree_node_baseS1_EC2IRPSt13_Rb_tree_nodeINSt7__cxx1112basic_stringIcSt11char_traitsIcESaIcEEEERS1_Lb1EEEOT_OT0_
FN:341,_ZNSt4pairISt17_Rb_tree_iteratorINSt7__cxx1112basic_stringIcSt11char_traitsIcESaIcEEEEbEC2IS7_bLb1EEEOT_OT0_
FNDA:4,_ZNSt4pairISt17_Rb_tree_iteratorINSt7__cxx1112basic_stringIcSt11char_traitsIcESaIcEEEEbEC2IS7_bLb1EEEOT_OT0_
FN:341,_ZNSt4pairISt23_Rb_tree_const_iteratorINSt7__cxx1112basic_stringIcSt11char_traitsIcESaIcEEEEbEC2IRSt17_Rb_tree_iteratorIS6_ERbLb1EEEOT_OT0_
FNDA:4,_ZNSt4pairISt23_Rb_tree_const_iteratorINSt7__cxx1112basic_stringIcSt11char_traitsIcESaIcEEEEbEC2IRSt17_Rb_tree_iteratorIS6_ERbLb1EEEOT_OT0_
DA:311,0
DA:312,0
DA:341,4
DA:342,4
DA:341,4
DA:342,4
DA:341,4
DA:342,4
end_of_record
SF:/usr/local/include/gtest/gtest-param-test.h
FN:297,_ZN7testing8ValuesInIN9__gnu_cxx17__normal_iteratorIPKiSt6vectorIiSaIiEEEEEENS_8internal14ParamGeneratorINSt15iterator_traitsIT_E10value_typeEEESC_SC_
FNDA:1,_ZN7testing8ValuesInIN9__gnu_cxx17__normal_iteratorIPKiSt6vectorIiSaIiEEEEEENS_8internal14ParamGeneratorINSt15iterator_traitsIT_E10value_typeEEESC_SC_
FN:309,_ZN7testing8ValuesInISt6vectorIiSaIiEEEENS_8internal14ParamGeneratorINT_10value_typeEEERKS6_
FNDA:1,_ZN7testing8ValuesInISt6vectorIiSaIiEEEENS_8internal14ParamGeneratorINT_10value_typeEEERKS6_
FN:335,_ZN7testing6ValuesIJiiiiEEENS_8internal10ValueArrayIJDpT_EEES4_
FNDA:1,_ZN7testing6ValuesIJiiiiEEENS_8internal10ValueArrayIJDpT_EEES4_
DA:297,1
DA:300,1
BRDA:300,0,0,1
BRDA:300,0,1,0
BRDA:300,0,2,1
BRDA:300,0,3,0
BRDA:300,0,4,1
BRDA:300,0,5,0
DA:309,1
DA:311,1
DA:335,1
DA:336,1
end_of_record
SF:/usr/include/c++/9/ext/type_traits.h
FN:152,_ZN9__gnu_cxx17__is_null_pointerIcEEbPT_
FNDA:0,_ZN9__gnu_cxx17__is_null_pointerIcEEbPT_
FN:152,_ZN9__gnu_cxx17__is_null_pointerIKcEEbPT_
FNDA:0,_ZN9__gnu_cxx17__is_null_pointerIKcEEbPT_
DA:152,0
DA:153,0
DA:152,0
DA:153,0
end_of_record
SF:/usr/include/c++/9/bits/stl_algobase.h
FN:198,_ZSt3minImERKT_S2_S2_
FNDA:28,_ZSt3minImERKT_S2_S2_
FN:222,_ZSt3maxImERKT_S2_S2_
FNDA:13,_ZSt3maxImERKT_S2_S2_
FN:280,_ZSt12__niter_baseIPKiET_S2_
FNDA:2,_ZSt12__niter_baseIPKiET_S2_
FN:280,_ZSt12__niter_baseIPPN7testing8internal30ParameterizedTestSuiteInfoBaseEET_S5_
FNDA:6,_ZSt12__niter_baseIPPN7testing8internal30ParameterizedTestSuiteInfoBaseEET_S5_
FN:280,_ZSt12__niter_baseIPSt10shared_ptrIN7testing8internal26ParameterizedTestSuiteInfoI32LeapYearParameterizedTestFixtureE8TestInfoEEET_S9_
FNDA:6,_ZSt12__niter_baseIPSt10shared_ptrIN7testing8internal26ParameterizedTestSuiteInfoI32LeapYearParameterizedTestFixtureE8TestInfoEEET_S9_
FN:280,_ZSt12__niter_baseIPN7testing8internal26ParameterizedTestSuiteInfoI32LeapYearParameterizedTestFixtureE17InstantiationInfoEET_S7_
FNDA:6,_ZSt12__niter_baseIPN7testing8internal26ParameterizedTestSuiteInfoI32LeapYearParameterizedTestFixtureE17InstantiationInfoEET_S7_
FN:280,_ZSt12__niter_baseIPiET_S1_
FNDA:26,_ZSt12__niter_baseIPiET_S1_
FN:295,_ZSt12__niter_wrapIPiET_RKS1_S1_
FNDA:2,_ZSt12__niter_wrapIPiET_RKS1_S1_
FN:295,_ZSt12__niter_wrapIPPN7testing8internal30ParameterizedTestSuiteInfoBaseEET_RKS5_S5_
FNDA:0,_ZSt12__niter_wrapIPPN7testing8internal30ParameterizedTestSuiteInfoBaseEET_RKS5_S5_
FN:375,_ZNSt11__copy_moveILb1ELb1ESt26random_access_iterator_tagE8__copy_mIPN7testing8internal30ParameterizedTestSuiteInfoBaseEEEPT_PKS7_SA_S8_
FNDA:0,_ZNSt11__copy_moveILb1ELb1ESt26random_access_iterator_tagE8__copy_mIPN7testing8internal30ParameterizedTestSuiteInfoBaseEEEPT_PKS7_SA_S8_
FN:375,_ZNSt11__copy_moveILb0ELb1ESt26random_access_iterator_tagE8__copy_mIiEEPT_PKS3_S6_S4_
FNDA:2,_ZNSt11__copy_moveILb0ELb1ESt26random_access_iterator_tagE8__copy_mIiEEPT_PKS3_S6_S4_
FN:393,_ZSt13__copy_move_aILb0EPKiPiET1_T0_S4_S3_
FNDA:2,_ZSt13__copy_move_aILb0EPKiPiET1_T0_S4_S3_
FN:393,_ZSt13__copy_move_aILb1EPPN7testing8internal30ParameterizedTestSuiteInfoBaseES4_ET1_T0_S6_S5_
FNDA:0,_ZSt13__copy_move_aILb1EPPN7testing8internal30ParameterizedTestSuiteInfoBaseES4_ET1_T0_S6_S5_
FN:438,_ZSt14__copy_move_a2ILb1EPPN7testing8internal30ParameterizedTestSuiteInfoBaseES4_ET1_T0_S6_S5_
FNDA:0,_ZSt14__copy_move_a2ILb1EPPN7testing8internal30ParameterizedTestSuiteInfoBaseES4_ET1_T0_S6_S5_
FN:438,_ZSt14__copy_move_a2ILb0EPKiPiET1_T0_S4_S3_
FNDA:1,_ZSt14__copy_move_a2ILb0EPKiPiET1_T0_S4_S3_
FN:438,_ZSt14__copy_move_a2ILb0EN9__gnu_cxx17__normal_iteratorIPKiSt6vectorIiSaIiEEEEPiET1_T0_SA_S9_
FNDA:1,_ZSt14__copy_move_a2ILb0EN9__gnu_cxx17__normal_iteratorIPKiSt6vectorIiSaIiEEEEPiET1_T0_SA_S9_
FN:465,_ZSt4copyISt13move_iteratorIPPN7testing8internal30ParameterizedTestSuiteInfoBaseEES5_ET0_T_S8_S7_
FNDA:0,_ZSt4copyISt13move_iteratorIPPN7testing8internal30ParameterizedTestSuiteInfoBaseEES5_ET0_T_S8_S7_
FN:465,_ZSt4copyIN9__gnu_cxx17__normal_iteratorIPKiSt6vectorIiSaIiEEEEPiET0_T_SA_S9_
FNDA:1,_ZSt4copyIN9__gnu_cxx17__normal_iteratorIPKiSt6vectorIiSaIiEEEEPiET0_T_SA_S9_
FN:465,_ZSt4copyIPKiPiET0_T_S4_S3_
FNDA:1,_ZSt4copyIPKiPiET0_T_S4_S3_
DA:198,28
DA:203,28
BRDA:203,0,0,0
BRDA:203,0,1,28
DA:204,0
DA:205,28
DA:222,13
DA:227,13
BRDA:227,0,0,9
BRDA:227,0,1,4
DA:228,9
DA:229,4
DA:280,26
DA:282,26
DA:280,2
DA:282,2
DA:280,6
DA:282,6
DA:280,6
DA:282,6
DA:280,6
DA:282,6
DA:295,0
DA:296,0
DA:295,2
DA:296,2
DA:375,0
DA:384,0
DA:385,0
BRDA:385,0,0,-
BRDA:385,0,1,-
DA:386,0
DA:387,0
DA:375,2
DA:384,2
DA:385,2
BRDA:385,0,0,2
BRDA:385,0,1,0
DA:386,2
DA:387,2
DA:393,0
DA:398,0
DA:404,0
DA:393,2
DA:398,2
DA:404,2
DA:438,1
DA:440,1
DA:443,1
DA:438,0
DA:440,0
DA:443,0
DA:438,1
DA:440,1
DA:443,1
DA:465,1
DA:474,1
DA:465,0
DA:474,0
DA:465,1
DA:474,1
end_of_record
SF:/usr/include/c++/9/bits/stl_iterator_base_types.h
FN:205,_ZSt19__iterator_categoryIN9__gnu_cxx17__normal_iteratorIPKiSt6vectorIiSaIiEEEEENSt15iterator_traitsIT_E17iterator_categoryERKS9_
FNDA:2,_ZSt19__iterator_categoryIN9__gnu_cxx17__normal_iteratorIPKiSt6vectorIiSaIiEEEEENSt15iterator_traitsIT_E17iterator_categoryERKS9_
FN:205,_ZSt19__iterator_categoryIPKiENSt15iterator_traitsIT_E17iterator_categoryERKS3_
FNDA:1,_ZSt19__iterator_categoryIPKiENSt15iterator_traitsIT_E17iterator_categoryERKS3_
FN:205,_ZSt19__iterator_categoryIPcENSt15iterator_traitsIT_E17iterator_categoryERKS2_
FNDA:0,_ZSt19__iterator_categoryIPcENSt15iterator_traitsIT_E17iterator_categoryERKS2_
FN:205,_ZSt19__iterator_categoryIPKcENSt15iterator_traitsIT_E17iterator_categoryERKS3_
FNDA:0,_ZSt19__iterator_categoryIPKcENSt15iterator_traitsIT_E17iterator_categoryERKS3_
DA:205,2
DA:206,2
DA:205,1
DA:206,1
DA:205,0
DA:206,0
DA:205,0
DA:206,0
end_of_record
SF:/usr/include/c++/9/bits/stl_iterator_base_funcs.h
FN:98,_ZSt10__distanceIN9__gnu_cxx17__normal_iteratorIPKiSt6vectorIiSaIiEEEEENSt15iterator_traitsIT_E15difference_typeES9_S9_St26random_access_iterator_tag
FNDA:1,_ZSt10__distanceIN9__gnu_cxx17__normal_iteratorIPKiSt6vectorIiSaIiEEEEENSt15iterator_traitsIT_E15difference_typeES9_S9_St26random_access_iterator_tag
FN:98,_ZSt10__distanceIPKiENSt15iterator_traitsIT_E15difference_typeES3_S3_St26random_access_iterator_tag
FNDA:1,_ZSt10__distanceIPKiENSt15iterator_traitsIT_E15difference_typeES3_S3_St26random_access_iterator_tag
FN:98,_ZSt10__distanceIPcENSt15iterator_traitsIT_E15difference_typeES2_S2_St26random_access_iterator_tag
FNDA:0,_ZSt10__distanceIPcENSt15iterator_traitsIT_E15difference_typeES2_S2_St26random_access_iterator_tag
FN:98,_ZSt10__distanceIPKcENSt15iterator_traitsIT_E15difference_typeES3_S3_St26random_access_iterator_tag
FNDA:0,_ZSt10__distanceIPKcENSt15iterator_traitsIT_E15difference_typeES3_S3_St26random_access_iterator_tag
FN:138,_ZSt8distanceIN9__gnu_cxx17__normal_iteratorIPKiSt6vectorIiSaIiEEEEENSt15iterator_traitsIT_E15difference_typeES9_S9_
FNDA:1,_ZSt8distanceIN9__gnu_cxx17__normal_iteratorIPKiSt6vectorIiSaIiEEEEENSt15iterator_traitsIT_E15difference_typeES9_S9_
FN:138,_ZSt8distanceIPKiENSt15iterator_traitsIT_E15difference_typeES3_S3_
FNDA:1,_ZSt8distanceIPKiENSt15iterator_traitsIT_E15difference_typeES3_S3_
FN:138,_ZSt8distanceIPcENSt15iterator_traitsIT_E15difference_typeES2_S2_
FNDA:0,_ZSt8distanceIPcENSt15iterator_traitsIT_E15difference_typeES2_S2_
FN:138,_ZSt8distanceIPKcENSt15iterator_traitsIT_E15difference_typeES3_S3_
FNDA:0,_ZSt8distanceIPKcENSt15iterator_traitsIT_E15difference_typeES3_S3_
DA:98,1
DA:104,1
DA:98,1
DA:104,1
DA:98,0
DA:104,0
DA:98,0
DA:104,0
DA:138,1
DA:141,1
DA:142,2
DA:138,1
DA:141,1
DA:142,2
DA:138,0
DA:141,0
DA:142,0
DA:138,0
DA:141,0
DA:142,0
end_of_record
SF:/usr/local/include/gtest/internal/gtest-port.h
FN:970,_ZN7testing8internal8GTestLog9GetStreamEv
FNDA:0,_ZN7testing8internal8GTestLog9GetStreamEv
FN:1112,_ZN7testing8internal27CheckedDowncastToActualTypeIKNS0_30ValuesInIteratorRangeGeneratorIiE8IteratorEKNS0_22ParamIteratorInterfaceIiEEEEPT_PT0_
FNDA:5,_ZN7testing8internal27CheckedDowncastToActualTypeIKNS0_30ValuesInIteratorRangeGeneratorIiE8IteratorEKNS0_22ParamIteratorInterfaceIiEEEEPT_PT0_
FN:1112,_ZN7testing8internal27CheckedDowncastToActualTypeINS0_26ParameterizedTestSuiteInfoI32LeapYearParameterizedTestFixtureEENS0_30ParameterizedTestSuiteInfoBaseEEEPT_PT0_
FNDA:1,_ZN7testing8internal27CheckedDowncastToActualTypeINS0_26ParameterizedTestSuiteInfoI32LeapYearParameterizedTestFixtureEENS0_30ParameterizedTestSuiteInfoBaseEEEPT_PT0_
FN:2109,_ZN7testing8internal5posix5AbortEv
FNDA:0,_ZN7testing8internal5posix5AbortEv
DA:970,0
DA:1112,5
DA:1114,5
BRDA:1114,0,0,5
BRDA:1114,0,1,0
BRDA:1114,0,2,0
BRDA:1114,0,3,5
BRDA:1114,0,4,0
BRDA:1114,0,5,0
DA:1120,5
BRDA:1120,0,0,5
BRDA:1120,0,1,0
DA:1112,1
DA:1114,1
BRDA:1114,0,0,1
BRDA:1114,0,1,0
BRDA:1114,0,2,0
BRDA:1114,0,3,1
BRDA:1114,0,4,0
BRDA:1114,0,5,0
DA:1120,1
BRDA:1120,0,0,1
BRDA:1120,0,1,0
DA:2109,0
end_of_record
SF:/usr/include/c++/9/bits/basic_string.h
FN:243,_ZNSt7__cxx1112basic_stringIcSt11char_traitsIcESaIcEE16_M_construct_auxIPcEEvT_S7_St12__false_type
FNDA:0,_ZNSt7__cxx1112basic_stringIcSt11char_traitsIcESaIcEE16_M_construct_auxIPcEEvT_S7_St12__false_type
FN:243,_ZNSt7__cxx1112basic_stringIcSt11char_traitsIcESaIcEE16_M_construct_auxIPKcEEvT_S8_St12__false_type
FNDA:0,_ZNSt7__cxx1112basic_stringIcSt11char_traitsIcESaIcEE16_M_construct_auxIPKcEEvT_S8_St12__false_type
FN:263,_ZNSt7__cxx1112basic_stringIcSt11char_traitsIcESaIcEE12_M_constructIPcEEvT_S7_
FNDA:0,_ZNSt7__cxx1112basic_stringIcSt11char_traitsIcESaIcEE12_M_constructIPcEEvT_S7_
FN:263,_ZNSt7__cxx1112basic_stringIcSt11char_traitsIcESaIcEE12_M_constructIPKcEEvT_S8_
FNDA:0,_ZNSt7__cxx1112basic_stringIcSt11char_traitsIcESaIcEE12_M_constructIPKcEEvT_S8_
FN:6057,_ZStplIcSt11char_traitsIcESaIcEENSt7__cxx1112basic_stringIT_T0_T1_EERKS8_PKS5_
FNDA:5,_ZStplIcSt11char_traitsIcESaIcEENSt7__cxx1112basic_stringIT_T0_T1_EERKS8_PKS5_
FN:6175,_ZSteqIcSt11char_traitsIcESaIcEEbRKNSt7__cxx1112basic_stringIT_T0_T1_EEPKS5_
FNDA:5,_ZSteqIcSt11char_traitsIcESaIcEEbRKNSt7__cxx1112basic_stringIT_T0_T1_EEPKS5_
FN:6226,_ZStltIcSt11char_traitsIcESaIcEEbRKNSt7__cxx1112basic_stringIT_T0_T1_EESA_
FNDA:16,_ZStltIcSt11char_traitsIcESaIcEEbRKNSt7__cxx1112basic_stringIT_T0_T1_EESA_
DA:243,0
DA:247,0
BRDA:247,0,0,-
BRDA:247,0,1,-
DA:248,0
DA:243,0
DA:247,0
BRDA:247,0,0,-
BRDA:247,0,1,-
DA:248,0
DA:263,0
DA:266,0
BRDA:266,0,0,-
BRDA:266,0,1,-
DA:267,0
DA:263,0
DA:266,0
BRDA:266,0,0,-
BRDA:266,0,1,-
DA:267,0
DA:6057,5
DA:6060,5
DA:6061,5
BRDA:6061,0,0,5
BRDA:6061,0,1,0
DA:6062,5
DA:6175,5
DA:6177,5
DA:6226,16
DA:6229,16
end_of_record
SF:/usr/include/c++/9/bits/allocator.h
FN:138,_ZNSaISt13_Rb_tree_nodeINSt7__cxx1112basic_stringIcSt11char_traitsIcESaIcEEEEEC2Ev
FNDA:2,_ZNSaISt13_Rb_tree_nodeINSt7__cxx1112basic_stringIcSt11char_traitsIcESaIcEEEEEC2Ev
FN:138,_ZNSaIN7testing8internal26ParameterizedTestSuiteInfoI32LeapYearParameterizedTestFixtureE17InstantiationInfoEEC2Ev
FNDA:1,_ZNSaIN7testing8internal26ParameterizedTestSuiteInfoI32LeapYearParameterizedTestFixtureE17InstantiationInfoEEC2Ev
FN:138,_ZNSaISt10shared_ptrIN7testing8internal26ParameterizedTestSuiteInfoI32LeapYearParameterizedTestFixtureE8TestInfoEEEC2Ev
FNDA:1,_ZNSaISt10shared_ptrIN7testing8internal26ParameterizedTestSuiteInfoI32LeapYearParameterizedTestFixtureE8TestInfoEEEC2Ev
FN:138,_ZNSaIiEC2Ev
FNDA:4,_ZNSaIiEC2Ev
FN:141,_ZNSaIiEC2ERKS_
FNDA:4,_ZNSaIiEC2ERKS_
FN:153,_ZNSaISt13_Rb_tree_nodeINSt7__cxx1112basic_stringIcSt11char_traitsIcESaIcEEEEED2Ev
FNDA:2,_ZNSaISt13_Rb_tree_nodeINSt7__cxx1112basic_stringIcSt11char_traitsIcESaIcEEEEED2Ev
FN:153,_ZNSaIiED2Ev
FNDA:8,_ZNSaIiED2Ev
FN:153,_ZNSaIN7testing8internal26ParameterizedTestSuiteInfoI32LeapYearParameterizedTestFixtureE17InstantiationInfoEED2Ev
FNDA:1,_ZNSaIN7testing8internal26ParameterizedTestSuiteInfoI32LeapYearParameterizedTestFixtureE17InstantiationInfoEED2Ev
FN:153,_ZNSaISt10shared_ptrIN7testing8internal26ParameterizedTestSuiteInfoI32LeapYearParameterizedTestFixtureE8TestInfoEEED2Ev
FNDA:1,_ZNSaISt10shared_ptrIN7testing8internal26ParameterizedTestSuiteInfoI32LeapYearParameterizedTestFixtureE8TestInfoEEED2Ev
DA:138,2
DA:138,1
DA:138,1
DA:138,4
DA:141,4
DA:142,4
DA:153,2
DA:153,8
DA:153,1
DA:153,1
end_of_record
SF:/usr/include/c++/9/bits/stl_tree.h
FN:146,_ZNSt20_Rb_tree_key_compareISt4lessINSt7__cxx1112basic_stringIcSt11char_traitsIcESaIcEEEEEC2Ev
FNDA:3,_ZNSt20_Rb_tree_key_compareISt4lessINSt7__cxx1112basic_stringIcSt11char_traitsIcESaIcEEEEEC2Ev
FN:173,_ZNSt15_Rb_tree_headerC2Ev
FNDA:3,_ZNSt15_Rb_tree_headerC2Ev
FN:206,_ZNSt15_Rb_tree_header8_M_resetEv
FNDA:3,_ZNSt15_Rb_tree_header8_M_resetEv
FN:234,_ZNSt13_Rb_tree_nodeINSt7__cxx1112basic_stringIcSt11char_traitsIcESaIcEEEE9_M_valptrEv
FNDA:8,_ZNSt13_Rb_tree_nodeINSt7__cxx1112basic_stringIcSt11char_traitsIcESaIcEEEE9_M_valptrEv
FN:238,_ZNKSt13_Rb_tree_nodeINSt7__cxx1112basic_stringIcSt11char_traitsIcESaIcEEEE9_M_valptrEv
FNDA:16,_ZNKSt13_Rb_tree_nodeINSt7__cxx1112basic_stringIcSt11char_traitsIcESaIcEEEE9_M_valptrEv
FN:273,_ZNSt17_Rb_tree_iteratorINSt7__cxx1112basic_stringIcSt11char_traitsIcESaIcEEEEC2EPSt18_Rb_tree_node_base
FNDA:9,_ZNSt17_Rb_tree_iteratorINSt7__cxx1112basic_stringIcSt11char_traitsIcESaIcEEEEC2EPSt18_Rb_tree_node_base
FN:300,_ZNSt17_Rb_tree_iteratorINSt7__cxx1112basic_stringIcSt11char_traitsIcESaIcEEEEmmEv
FNDA:0,_ZNSt17_Rb_tree_iteratorINSt7__cxx1112basic_stringIcSt11char_traitsIcESaIcEEEEmmEv
FN:315,_ZSteqRKSt17_Rb_tree_iteratorINSt7__cxx1112basic_stringIcSt11char_traitsIcESaIcEEEES8_
FNDA:1,_ZSteqRKSt17_Rb_tree_iteratorINSt7__cxx1112basic_stringIcSt11char_traitsIcESaIcEEEES8_
FN:345,_ZNSt23_Rb_tree_const_iteratorINSt7__cxx1112basic_stringIcSt11char_traitsIcESaIcEEEEC2EPKSt18_Rb_tree_node_base
FNDA:16,_ZNSt23_Rb_tree_const_iteratorINSt7__cxx1112basic_stringIcSt11char_traitsIcESaIcEEEEC2EPKSt18_Rb_tree_node_base
FN:348,_ZNSt23_Rb_tree_const_iteratorINSt7__cxx1112basic_stringIcSt11char_traitsIcESaIcEEEEC2ERKSt17_Rb_tree_iteratorIS5_E
FNDA:4,_ZNSt23_Rb_tree_const_iteratorINSt7__cxx1112basic_stringIcSt11char_traitsIcESaIcEEEEC2ERKSt17_Rb_tree_iteratorIS5_E
FN:394,_ZSteqRKSt23_Rb_tree_const_iteratorINSt7__cxx1112basic_stringIcSt11char_traitsIcESaIcEEEES8_
FNDA:8,_ZSteqRKSt23_Rb_tree_const_iteratorINSt7__cxx1112basic_stringIcSt11char_traitsIcESaIcEEEES8_
FN:538,_ZNSt8_Rb_treeINSt7__cxx1112basic_stringIcSt11char_traitsIcESaIcEEES5_St9_IdentityIS5_ESt4lessIS5_ESaIS5_EE11_Alloc_nodeC2ERSB_
FNDA:4,_ZNSt8_Rb_treeINSt7__cxx1112basic_stringIcSt11char_traitsIcESaIcEEES5_St9_IdentityIS5_ESt4lessIS5_ESaIS5_EE11_Alloc_nodeC2ERSB_
FN:546,_ZNKSt8_Rb_treeINSt7__cxx1112basic_stringIcSt11char_traitsIcESaIcEEES5_St9_IdentityIS5_ESt4lessIS5_ESaIS5_EE11_Alloc_nodeclIRKS5_EEPSt13_Rb_tree_nodeIS5_EOT_
FNDA:4,_ZNKSt8_Rb_treeINSt7__cxx1112basic_stringIcSt11char_traitsIcESaIcEEES5_St9_IdentityIS5_ESt4lessIS5_ESaIS5_EE11_Alloc_nodeclIRKS5_EEPSt13_Rb_tree_nodeIS5_EOT_
FN:566,_ZNSt8_Rb_treeINSt7__cxx1112basic_stringIcSt11char_traitsIcESaIcEEES5_St9_IdentityIS5_ESt4lessIS5_ESaIS5_EE21_M_get_Node_allocatorEv
FNDA:16,_ZNSt8_Rb_treeINSt7__cxx1112basic_stringIcSt11char_traitsIcESaIcEEES5_St9_IdentityIS5_ESt4lessIS5_ESaIS5_EE21_M_get_Node_allocatorEv
FN:579,_ZNSt8_Rb_treeINSt7__cxx1112basic_stringIcSt11char_traitsIcESaIcEEES5_St9_IdentityIS5_ESt4lessIS5_ESaIS5_EE11_M_get_nodeEv
FNDA:4,_ZNSt8_Rb_treeINSt7__cxx1112basic_stringIcSt11char_traitsIcESaIcEEES5_St9_IdentityIS5_ESt4lessIS5_ESaIS5_EE11_M_get_nodeEv
FN:583,_ZNSt8_Rb_treeINSt7__cxx1112basic_stringIcSt11char_traitsIcESaIcEEES5_St9_IdentityIS5_ESt4lessIS5_ESaIS5_EE11_M_put_nodeEPSt13_Rb_tree_nodeIS5_E
FNDA:4,_ZNSt8_Rb_treeINSt7__cxx1112basic_stringIcSt11char_traitsIcESaIcEEES5_St9_IdentityIS5_ESt4lessIS5_ESaIS5_EE11_M_put_nodeEPSt13_Rb_tree_nodeIS5_E
FN:609,_ZNSt8_Rb_treeINSt7__cxx1112basic_stringIcSt11char_traitsIcESaIcEEES5_St9_IdentityIS5_ESt4lessIS5_ESaIS5_EE17_M_construct_nodeIJRKS5_EEEvPSt13_Rb_tree_nodeIS5_EDpOT_
FNDA:4,_ZNSt8_Rb_treeINSt7__cxx1112basic_stringIcSt11char_traitsIcESaIcEEES5_St9_IdentityIS5_ESt4lessIS5_ESaIS5_EE17_M_construct_nodeIJRKS5_EEEvPSt13_Rb_tree_nodeIS5_EDpOT_
FN:628,_ZNSt8_Rb_treeINSt7__cxx1112basic_stringIcSt11char_traitsIcESaIcEEES5_St9_IdentityIS5_ESt4lessIS5_ESaIS5_EE14_M_create_nodeIJRKS5_EEEPSt13_Rb_tree_nodeIS5_EDpOT_
FNDA:4,_ZNSt8_Rb_treeINSt7__cxx1112basic_stringIcSt11char_traitsIcESaIcEEES5_St9_IdentityIS5_ESt4lessIS5_ESaIS5_EE14_M_create_nodeIJRKS5_EEEPSt13_Rb_tree_nodeIS5_EDpOT_
FN:637,_ZNSt8_Rb_treeINSt7__cxx1112basic_stringIcSt11char_traitsIcESaIcEEES5_St9_IdentityIS5_ESt4lessIS5_ESaIS5_EE15_M_destroy_nodeEPSt13_Rb_tree_nodeIS5_E
FNDA:4,_ZNSt8_Rb_treeINSt7__cxx1112basic_stringIcSt11char_traitsIcESaIcEEES5_St9_IdentityIS5_ESt4lessIS5_ESaIS5_EE15_M_destroy_nodeEPSt13_Rb_tree_nodeIS5_E
FN:648,_ZNSt8_Rb_treeINSt7__cxx1112basic_stringIcSt11char_traitsIcESaIcEEES5_St9_IdentityIS5_ESt4lessIS5_ESaIS5_EE12_M_drop_nodeEPSt13_Rb_tree_nodeIS5_E
FNDA:4,_ZNSt8_Rb_treeINSt7__cxx1112basic_stringIcSt11char_traitsIcESaIcEEES5_St9_IdentityIS5_ESt4lessIS5_ESaIS5_EE12_M_drop_nodeEPSt13_Rb_tree_nodeIS5_E
FN:680,_ZNSt8_Rb_treeINSt7__cxx1112basic_stringIcSt11char_traitsIcESaIcEEES5_St9_IdentityIS5_ESt4lessIS5_ESaIS5_EE13_Rb_tree_implIS9_Lb1EEC2Ev
FNDA:2,_ZNSt8_Rb_treeINSt7__cxx1112basic_stringIcSt11char_traitsIcESaIcEEES5_St9_IdentityIS5_ESt4lessIS5_ESaIS5_EE13_Rb_tree_implIS9_Lb1EEC2Ev
FN:744,_ZNSt8_Rb_treeINSt7__cxx1112basic_stringIcSt11char_traitsIcESaIcEEES5_St9_IdentityIS5_ESt4lessIS5_ESaIS5_EE8_M_beginEv
FNDA:6,_ZNSt8_Rb_treeINSt7__cxx1112basic_stringIcSt11char_traitsIcESaIcEEES5_St9_IdentityIS5_ESt4lessIS5_ESaIS5_EE8_M_beginEv
FN:748,_ZNKSt8_Rb_treeINSt7__cxx1112basic_stringIcSt11char_traitsIcESaIcEEES5_St9_IdentityIS5_ESt4lessIS5_ESaIS5_EE8_M_beginEv
FNDA:4,_ZNKSt8_Rb_treeINSt7__cxx1112basic_stringIcSt11char_traitsIcESaIcEEES5_St9_IdentityIS5_ESt4lessIS5_ESaIS5_EE8_M_beginEv
FN:755,_ZNSt8_Rb_treeINSt7__cxx1112basic_stringIcSt11char_traitsIcESaIcEEES5_St9_IdentityIS5_ESt4lessIS5_ESaIS5_EE6_M_endEv
FNDA:8,_ZNSt8_Rb_treeINSt7__cxx1112basic_stringIcSt11char_traitsIcESaIcEEES5_St9_IdentityIS5_ESt4lessIS5_ESaIS5_EE6_M_endEv
FN:759,_ZNKSt8_Rb_treeINSt7__cxx1112basic_stringIcSt11char_traitsIcESaIcEEES5_St9_IdentityIS5_ESt4lessIS5_ESaIS5_EE6_M_endEv
FNDA:4,_ZNKSt8_Rb_treeINSt7__cxx1112basic_stringIcSt11char_traitsIcESaIcEEES5_St9_IdentityIS5_ESt4lessIS5_ESaIS5_EE6_M_endEv
FN:767,_ZNSt8_Rb_treeINSt7__cxx1112basic_stringIcSt11char_traitsIcESaIcEEES5_St9_IdentityIS5_ESt4lessIS5_ESaIS5_EE6_S_keyEPKSt13_Rb_tree_nodeIS5_E
FNDA:16,_ZNSt8_Rb_treeINSt7__cxx1112basic_stringIcSt11char_traitsIcESaIcEEES5_St9_IdentityIS5_ESt4lessIS5_ESaIS5_EE6_S_keyEPKSt13_Rb_tree_nodeIS5_E
FN:789,_ZNSt8_Rb_treeINSt7__cxx1112basic_stringIcSt11char_traitsIcESaIcEEES5_St9_IdentityIS5_ESt4lessIS5_ESaIS5_EE7_S_leftEPSt18_Rb_tree_node_base
FNDA:4,_ZNSt8_Rb_treeINSt7__cxx1112basic_stringIcSt11char_traitsIcESaIcEEES5_St9_IdentityIS5_ESt4lessIS5_ESaIS5_EE7_S_leftEPSt18_Rb_tree_node_base
FN:793,_ZNSt8_Rb_treeINSt7__cxx1112basic_stringIcSt11char_traitsIcESaIcEEES5_St9_IdentityIS5_ESt4lessIS5_ESaIS5_EE7_S_leftEPKSt18_Rb_tree_node_base
FNDA:0,_ZNSt8_Rb_treeINSt7__cxx1112basic_stringIcSt11char_traitsIcESaIcEEES5_St9_IdentityIS5_ESt4lessIS5_ESaIS5_EE7_S_leftEPKSt18_Rb_tree_node_base
FN:797,_ZNSt8_Rb_treeINSt7__cxx1112basic_stringIcSt11char_traitsIcESaIcEEES5_St9_IdentityIS5_ESt4lessIS5_ESaIS5_EE8_S_rightEPSt18_Rb_tree_node_base
FNDA:9,_ZNSt8_Rb_treeINSt7__cxx1112basic_stringIcSt11char_traitsIcESaIcEEES5_St9_IdentityIS5_ESt4lessIS5_ESaIS5_EE8_S_rightEPSt18_Rb_tree_node_base
FN:801,_ZNSt8_Rb_treeINSt7__cxx1112basic_stringIcSt11char_traitsIcESaIcEEES5_St9_IdentityIS5_ESt4lessIS5_ESaIS5_EE8_S_rightEPKSt18_Rb_tree_node_base
FNDA:5,_ZNSt8_Rb_treeINSt7__cxx1112basic_stringIcSt11char_traitsIcESaIcEEES5_St9_IdentityIS5_ESt4lessIS5_ESaIS5_EE8_S_rightEPKSt18_Rb_tree_node_base
FN:809,_ZNSt8_Rb_treeINSt7__cxx1112basic_stringIcSt11char_traitsIcESaIcEEES5_St9_IdentityIS5_ESt4lessIS5_ESaIS5_EE6_S_keyEPKSt18_Rb_tree_node_base
FNDA:6,_ZNSt8_Rb_treeINSt7__cxx1112basic_stringIcSt11char_traitsIcESaIcEEES5_St9_IdentityIS5_ESt4lessIS5_ESaIS5_EE6_S_keyEPKSt18_Rb_tree_node_base
FN:939,_ZNSt8_Rb_treeINSt7__cxx1112basic_stringIcSt11char_traitsIcESaIcEEES5_St9_IdentityIS5_ESt4lessIS5_ESaIS5_EEC2Ev
FNDA:2,_ZNSt8_Rb_treeINSt7__cxx1112basic_stringIcSt11char_traitsIcESaIcEEES5_St9_IdentityIS5_ESt4lessIS5_ESaIS5_EEC2Ev
FN:994,_ZNSt8_Rb_treeINSt7__cxx1112basic_stringIcSt11char_traitsIcESaIcEEES5_St9_IdentityIS5_ESt4lessIS5_ESaIS5_EED2Ev
FNDA:2,_ZNSt8_Rb_treeINSt7__cxx1112basic_stringIcSt11char_traitsIcESaIcEEES5_St9_IdentityIS5_ESt4lessIS5_ESaIS5_EED2Ev
FN:1006,_ZNSt8_Rb_treeINSt7__cxx1112basic_stringIcSt11char_traitsIcESaIcEEES5_St9_IdentityIS5_ESt4lessIS5_ESaIS5_EE5beginEv
FNDA:1,_ZNSt8_Rb_treeINSt7__cxx1112basic_stringIcSt11char_traitsIcESaIcEEES5_St9_IdentityIS5_ESt4lessIS5_ESaIS5_EE5beginEv
FN:1018,_ZNKSt8_Rb_treeINSt7__cxx1112basic_stringIcSt11char_traitsIcESaIcEEES5_St9_IdentityIS5_ESt4lessIS5_ESaIS5_EE3endEv
FNDA:12,_ZNKSt8_Rb_treeINSt7__cxx1112basic_stringIcSt11char_traitsIcESaIcEEES5_St9_IdentityIS5_ESt4lessIS5_ESaIS5_EE3endEv
FN:1797,_ZNSt8_Rb_treeINSt7__cxx1112basic_stringIcSt11char_traitsIcESaIcEEES5_St9_IdentityIS5_ESt4lessIS5_ESaIS5_EE10_M_insert_IRKS5_NSB_11_Alloc_nodeEEESt17_Rb_tree_iteratorIS5_EPSt18_Rb_tree_node_baseSJ_OT_RT0_
FNDA:4,_ZNSt8_Rb_treeINSt7__cxx1112basic_stringIcSt11char_traitsIcESaIcEEES5_St9_IdentityIS5_ESt4lessIS5_ESaIS5_EE10_M_insert_IRKS5_NSB_11_Alloc_nodeEEESt17_Rb_tree_iteratorIS5_EPSt18_Rb_tree_node_baseSJ_OT_RT0_
FN:1907,_ZNSt8_Rb_treeINSt7__cxx1112basic_stringIcSt11char_traitsIcESaIcEEES5_St9_IdentityIS5_ESt4lessIS5_ESaIS5_EE8_M_eraseEPSt13_Rb_tree_nodeIS5_E
FNDA:6,_ZNSt8_Rb_treeINSt7__cxx1112basic_stringIcSt11char_traitsIcESaIcEEES5_St9_IdentityIS5_ESt4lessIS5_ESaIS5_EE8_M_eraseEPSt13_Rb_tree_nodeIS5_E
FN:1940,_ZNKSt8_Rb_treeINSt7__cxx1112basic_stringIcSt11char_traitsIcESaIcEEES5_St9_IdentityIS5_ESt4lessIS5_ESaIS5_EE14_M_lower_boundEPKSt13_Rb_tree_nodeIS5_EPKSt18_Rb_tree_node_baseRKS5_
FNDA:4,_ZNKSt8_Rb_treeINSt7__cxx1112basic_stringIcSt11char_traitsIcESaIcEEES5_St9_IdentityIS5_ESt4lessIS5_ESaIS5_EE14_M_lower_boundEPKSt13_Rb_tree_nodeIS5_EPKSt18_Rb_tree_node_baseRKS5_
FN:2085,_ZNSt8_Rb_treeINSt7__cxx1112basic_stringIcSt11char_traitsIcESaIcEEES5_St9_IdentityIS5_ESt4lessIS5_ESaIS5_EE24_M_get_insert_unique_posERKS5_
FNDA:4,_ZNSt8_Rb_treeINSt7__cxx1112basic_stringIcSt11char_traitsIcESaIcEEES5_St9_IdentityIS5_ESt4lessIS5_ESaIS5_EE24_M_get_insert_unique_posERKS5_
FN:2139,_ZNSt8_Rb_treeINSt7__cxx1112basic_stringIcSt11char_traitsIcESaIcEEES5_St9_IdentityIS5_ESt4lessIS5_ESaIS5_EE16_M_insert_uniqueIRKS5_EESt4pairISt17_Rb_tree_iteratorIS5_EbEOT_
FNDA:4,_ZNSt8_Rb_treeINSt7__cxx1112basic_stringIcSt11char_traitsIcESaIcEEES5_St9_IdentityIS5_ESt4lessIS5_ESaIS5_EE16_M_insert_uniqueIRKS5_EESt4pairISt17_Rb_tree_iteratorIS5_EbEOT_
FN:2567,_ZNKSt8_Rb_treeINSt7__cxx1112basic_stringIcSt11char_traitsIcESaIcEEES5_St9_IdentityIS5_ESt4lessIS5_ESaIS5_EE4findERKS5_
FNDA:4,_ZNKSt8_Rb_treeINSt7__cxx1112basic_stringIcSt11char_traitsIcESaIcEEES5_St9_IdentityIS5_ESt4lessIS5_ESaIS5_EE4findERKS5_
DA:146,3
DA:150,3
DA:173,3
DA:174,3
DA:175,3
DA:176,3
DA:177,3
DA:206,3
DA:208,3
DA:209,3
DA:210,3
DA:211,3
DA:212,3
DA:234,8
DA:235,8
DA:238,16
DA:239,16
DA:273,9
DA:274,9
DA:300,0
DA:302,0
DA:303,0
DA:315,1
DA:316,1
DA:345,16
DA:346,16
DA:348,4
DA:349,4
DA:394,8
DA:395,8
DA:538,4
DA:539,4
DA:546,4
DA:548,4
DA:566,16
DA:567,16
DA:579,4
DA:580,4
DA:583,4
DA:584,4
DA:609,4
DA:613,4
DA:614,4
BRDA:614,0,0,4
BRDA:614,0,1,0
DA:618,0
DA:620,0
DA:621,0
DA:622,0
DA:624,4
DA:628,4
DA:630,4
DA:631,4
DA:632,4
DA:637,4
DA:642,4
DA:643,4
DA:645,4
DA:648,4
DA:650,4
DA:651,4
DA:652,4
DA:680,2
DA:684,2
DA:685,2
DA:744,6
DA:745,6
DA:748,4
DA:751,4
DA:755,8
DA:756,8
DA:759,4
DA:760,4
DA:767,16
DA:785,16
DA:789,4
DA:790,4
DA:793,0
DA:794,0
DA:797,9
DA:798,9
DA:801,5
DA:802,5
DA:809,6
DA:810,6
DA:939,2
DA:994,2
DA:995,2
DA:1006,1
DA:1007,1
DA:1018,12
DA:1019,12
DA:1797,4
DA:1806,4
BRDA:1806,0,0,3
BRDA:1806,0,1,1
DA:1807,8
BRDA:1807,0,0,4
BRDA:1807,0,1,0
BRDA:1807,0,2,3
BRDA:1807,0,3,0
BRDA:1807,0,4,0
BRDA:1807,0,5,3
DA:1810,4
DA:1812,4
DA:1813,4
DA:1814,4
DA:1815,4
DA:1907,10
DA:1911,10
BRDA:1911,0,0,4
BRDA:1911,0,1,6
DA:1913,4
DA:1914,4
DA:1915,4
DA:1916,4
DA:1918,6
DA:1940,9
DA:1944,9
BRDA:1944,0,0,5
BRDA:1944,0,1,4
DA:1945,5
BRDA:1945,0,0,0
BRDA:1945,0,1,5
DA:1946,0
DA:1948,5
DA:1949,4
DA:2085,4
DA:2089,4
DA:2090,4
DA:2091,4
DA:2092,9
BRDA:2092,0,0,5
BRDA:2092,0,1,4
DA:2094,5
DA:2095,5
BRDA:2095,0,0,5
BRDA:2095,0,1,0
DA:2096,5
BRDA:2096,0,0,0
BRDA:2096,0,1,5
DA:2098,4
DA:2099,4
BRDA:2099,0,0,1
BRDA:2099,0,1,3
DA:2101,1
BRDA:2101,0,0,1
BRDA:2101,0,1,0
DA:2102,1
DA:2104,0
DA:2106,3
BRDA:2106,0,0,3
BRDA:2106,0,1,0
BRDA:2106,0,2,3
BRDA:2106,0,3,0
DA:2107,3
DA:2108,0
DA:2139,4
DA:2147,4
BRDA:2147,0,0,4
BRDA:2147,0,1,0
DA:2148,4
DA:2150,4
BRDA:2150,0,0,4
BRDA:2150,0,1,0
DA:2152,4
DA:2153,4
BRDA:2153,0,0,4
BRDA:2153,0,1,0
DA:2155,8
DA:2158,0
DA:2567,4
DA:2570,4
BRDA:2570,0,0,4
BRDA:2570,0,1,0
DA:2571,8
DA:2572,0
BRDA:2572,0,0,-
BRDA:2572,0,1,-
BRDA:2572,0,2,-
BRDA:2572,0,3,-
DA:2573,8
BRDA:2573,0,0,0
BRDA:2573,0,1,4
end_of_record
SF:/usr/include/c++/9/bits/stl_set.h
FN:167,_ZNSt3setINSt7__cxx1112basic_stringIcSt11char_traitsIcESaIcEEESt4lessIS5_ESaIS5_EEC2Ev
FNDA:2,_ZNSt3setINSt7__cxx1112basic_stringIcSt11char_traitsIcESaIcEEESt4lessIS5_ESaIS5_EEC2Ev
FN:281,_ZNSt3setINSt7__cxx1112basic_stringIcSt11char_traitsIcESaIcEEESt4lessIS5_ESaIS5_EED2Ev
FNDA:2,_ZNSt3setINSt7__cxx1112basic_stringIcSt11char_traitsIcESaIcEEESt4lessIS5_ESaIS5_EED2Ev
FN:509,_ZNSt3setINSt7__cxx1112basic_stringIcSt11char_traitsIcESaIcEEESt4lessIS5_ESaIS5_EE6insertERKS5_
FNDA:4,_ZNSt3setINSt7__cxx1112basic_stringIcSt11char_traitsIcESaIcEEESt4lessIS5_ESaIS5_EE6insertERKS5_
FN:748,_ZNKSt3setINSt7__cxx1112basic_stringIcSt11char_traitsIcESaIcEEESt4lessIS5_ESaIS5_EE5countERKS5_
FNDA:4,_ZNKSt3setINSt7__cxx1112basic_stringIcSt11char_traitsIcESaIcEEESt4lessIS5_ESaIS5_EE5countERKS5_
DA:167,2
DA:281,2
DA:509,4
DA:511,4
BRDA:511,0,0,4
BRDA:511,0,1,0
DA:513,4
DA:748,4
DA:749,4
BRDA:749,0,0,4
BRDA:749,0,1,0
BRDA:749,0,2,4
BRDA:749,0,3,0
end_of_record
SF:/usr/include/c++/9/ext/new_allocator.h
FN:80,_ZN9__gnu_cxx13new_allocatorISt10shared_ptrIN7testing8internal26ParameterizedTestSuiteInfoI32LeapYearParameterizedTestFixtureE8TestInfoEEEC2Ev
FNDA:1,_ZN9__gnu_cxx13new_allocatorISt10shared_ptrIN7testing8internal26ParameterizedTestSuiteInfoI32LeapYearParameterizedTestFixtureE8TestInfoEEEC2Ev
FN:80,_ZN9__gnu_cxx13new_allocatorIN7testing8internal26ParameterizedTestSuiteInfoI32LeapYearParameterizedTestFixtureE17InstantiationInfoEEC2Ev
FNDA:1,_ZN9__gnu_cxx13new_allocatorIN7testing8internal26ParameterizedTestSuiteInfoI32LeapYearParameterizedTestFixtureE17InstantiationInfoEEC2Ev
FN:80,_ZN9__gnu_cxx13new_allocatorIcEC2Ev
FNDA:0,_ZN9__gnu_cxx13new_allocatorIcEC2Ev
FN:80,_ZN9__gnu_cxx13new_allocatorISt13_Rb_tree_nodeINSt7__cxx1112basic_stringIcSt11char_traitsIcESaIcEEEEEC2Ev
FNDA:2,_ZN9__gnu_cxx13new_allocatorISt13_Rb_tree_nodeINSt7__cxx1112basic_stringIcSt11char_traitsIcESaIcEEEEEC2Ev
FN:80,_ZN9__gnu_cxx13new_allocatorIiEC2Ev
FNDA:4,_ZN9__gnu_cxx13new_allocatorIiEC2Ev
FN:83,_ZN9__gnu_cxx13new_allocatorIiEC2ERKS1_
FNDA:4,_ZN9__gnu_cxx13new_allocatorIiEC2ERKS1_
FN:83,_ZN9__gnu_cxx13new_allocatorIcEC2ERKS1_
FNDA:0,_ZN9__gnu_cxx13new_allocatorIcEC2ERKS1_
FN:89,_ZN9__gnu_cxx13new_allocatorIiED2Ev
FNDA:8,_ZN9__gnu_cxx13new_allocatorIiED2Ev
FN:89,_ZN9__gnu_cxx13new_allocatorISt13_Rb_tree_nodeINSt7__cxx1112basic_stringIcSt11char_traitsIcESaIcEEEEED2Ev
FNDA:2,_ZN9__gnu_cxx13new_allocatorISt13_Rb_tree_nodeINSt7__cxx1112basic_stringIcSt11char_traitsIcESaIcEEEEED2Ev
FN:89,_ZN9__gnu_cxx13new_allocatorIN7testing8internal26ParameterizedTestSuiteInfoI32LeapYearParameterizedTestFixtureE17InstantiationInfoEED2Ev
FNDA:1,_ZN9__gnu_cxx13new_allocatorIN7testing8internal26ParameterizedTestSuiteInfoI32LeapYearParameterizedTestFixtureE17InstantiationInfoEED2Ev
FN:89,_ZN9__gnu_cxx13new_allocatorISt10shared_ptrIN7testing8internal26ParameterizedTestSuiteInfoI32LeapYearParameterizedTestFixtureE8TestInfoEEED2Ev
FNDA:1,_ZN9__gnu_cxx13new_allocatorISt10shared_ptrIN7testing8internal26ParameterizedTestSuiteInfoI32LeapYearParameterizedTestFixtureE8TestInfoEEED2Ev
FN:89,_ZN9__gnu_cxx13new_allocatorIcED2Ev
FNDA:0,_ZN9__gnu_cxx13new_allocatorIcED2Ev
FN:102,_ZN9__gnu_cxx13new_allocatorIPN7testing8internal30ParameterizedTestSuiteInfoBaseEE8allocateEmPKv
FNDA:1,_ZN9__gnu_cxx13new_allocatorIPN7testing8internal30ParameterizedTestSuiteInfoBaseEE8allocateEmPKv
FN:102,_ZN9__gnu_cxx13new_allocatorISt10shared_ptrIN7testing8internal26ParameterizedTestSuiteInfoI32LeapYearParameterizedTestFixtureE8TestInfoEEE8allocateEmPKv
FNDA:1,_ZN9__gnu_cxx13new_allocatorISt10shared_ptrIN7testing8internal26ParameterizedTestSuiteInfoI32LeapYearParameterizedTestFixtureE8TestInfoEEE8allocateEmPKv
FN:102,_ZN9__gnu_cxx13new_allocatorIiE8allocateEmPKv
FNDA:6,_ZN9__gnu_cxx13new_allocatorIiE8allocateEmPKv
FN:102,_ZN9__gnu_cxx13new_allocatorIN7testing8internal26ParameterizedTestSuiteInfoI32LeapYearParameterizedTestFixtureE17InstantiationInfoEE8allocateEmPKv
FNDA:1,_ZN9__gnu_cxx13new_allocatorIN7testing8internal26ParameterizedTestSuiteInfoI32LeapYearParameterizedTestFixtureE17InstantiationInfoEE8allocateEmPKv
FN:102,_ZN9__gnu_cxx13new_allocatorISt13_Rb_tree_nodeINSt7__cxx1112basic_stringIcSt11char_traitsIcESaIcEEEEE8allocateEmPKv
FNDA:4,_ZN9__gnu_cxx13new_allocatorISt13_Rb_tree_nodeINSt7__cxx1112basic_stringIcSt11char_traitsIcESaIcEEEEE8allocateEmPKv
FN:119,_ZN9__gnu_cxx13new_allocatorIiE10deallocateEPim
FNDA:6,_ZN9__gnu_cxx13new_allocatorIiE10deallocateEPim
FN:119,_ZN9__gnu_cxx13new_allocatorIPN7testing8internal30ParameterizedTestSuiteInfoBaseEE10deallocateEPS4_m
FNDA:1,_ZN9__gnu_cxx13new_allocatorIPN7testing8internal30ParameterizedTestSuiteInfoBaseEE10deallocateEPS4_m
FN:119,_ZN9__gnu_cxx13new_allocatorIN7testing8internal26ParameterizedTestSuiteInfoI32LeapYearParameterizedTestFixtureE17InstantiationInfoEE10deallocateEPS6_m
FNDA:1,_ZN9__gnu_cxx13new_allocatorIN7testing8internal26ParameterizedTestSuiteInfoI32LeapYearParameterizedTestFixtureE17InstantiationInfoEE10deallocateEPS6_m
FN:119,_ZN9__gnu_cxx13new_allocatorISt10shared_ptrIN7testing8internal26ParameterizedTestSuiteInfoI32LeapYearParameterizedTestFixtureE8TestInfoEEE10deallocateEPS8_m
FNDA:1,_ZN9__gnu_cxx13new_allocatorISt10shared_ptrIN7testing8internal26ParameterizedTestSuiteInfoI32LeapYearParameterizedTestFixtureE8TestInfoEEE10deallocateEPS8_m
FN:119,_ZN9__gnu_cxx13new_allocatorISt13_Rb_tree_nodeINSt7__cxx1112basic_stringIcSt11char_traitsIcESaIcEEEEE10deallocateEPS8_m
FNDA:4,_ZN9__gnu_cxx13new_allocatorISt13_Rb_tree_nodeINSt7__cxx1112basic_stringIcSt11char_traitsIcESaIcEEEEE10deallocateEPS8_m
FN:132,_ZNK9__gnu_cxx13new_allocatorIPN7testing8internal30ParameterizedTestSuiteInfoBaseEE8max_sizeEv
FNDA:3,_ZNK9__gnu_cxx13new_allocatorIPN7testing8internal30ParameterizedTestSuiteInfoBaseEE8max_sizeEv
FN:132,_ZNK9__gnu_cxx13new_allocatorISt10shared_ptrIN7testing8internal26ParameterizedTestSuiteInfoI32LeapYearParameterizedTestFixtureE8TestInfoEEE8max_sizeEv
FNDA:3,_ZNK9__gnu_cxx13new_allocatorISt10shared_ptrIN7testing8internal26ParameterizedTestSuiteInfoI32LeapYearParameterizedTestFixtureE8TestInfoEEE8max_sizeEv
FN:132,_ZNK9__gnu_cxx13new_allocatorIiE8max_sizeEv
FNDA:16,_ZNK9__gnu_cxx13new_allocatorIiE8max_sizeEv
FN:132,_ZNK9__gnu_cxx13new_allocatorIN7testing8internal26ParameterizedTestSuiteInfoI32LeapYearParameterizedTestFixtureE17InstantiationInfoEE8max_sizeEv
FNDA:3,_ZNK9__gnu_cxx13new_allocatorIN7testing8internal26ParameterizedTestSuiteInfoI32LeapYearParameterizedTestFixtureE17InstantiationInfoEE8max_sizeEv
FN:132,_ZNK9__gnu_cxx13new_allocatorISt13_Rb_tree_nodeINSt7__cxx1112basic_stringIcSt11char_traitsIcESaIcEEEEE8max_sizeEv
FNDA:4,_ZNK9__gnu_cxx13new_allocatorISt13_Rb_tree_nodeINSt7__cxx1112basic_stringIcSt11char_traitsIcESaIcEEEEE8max_sizeEv
FN:144,_ZN9__gnu_cxx13new_allocatorISt13_Rb_tree_nodeINSt7__cxx1112basic_stringIcSt11char_traitsIcESaIcEEEEE9constructIS7_JRKS7_EEEvPT_DpOT0_
FNDA:4,_ZN9__gnu_cxx13new_allocatorISt13_Rb_tree_nodeINSt7__cxx1112basic_stringIcSt11char_traitsIcESaIcEEEEE9constructIS7_JRKS7_EEEvPT_DpOT0_
FN:144,_ZN9__gnu_cxx13new_allocatorIPN7testing8internal30ParameterizedTestSuiteInfoBaseEE9constructIS4_JS4_EEEvPT_DpOT0_
FNDA:1,_ZN9__gnu_cxx13new_allocatorIPN7testing8internal30ParameterizedTestSuiteInfoBaseEE9constructIS4_JS4_EEEvPT_DpOT0_
FN:144,_ZN9__gnu_cxx13new_allocatorISt10shared_ptrIN7testing8internal26ParameterizedTestSuiteInfoI32LeapYearParameterizedTestFixtureE8TestInfoEEE9constructIS8_JS8_EEEvPT_DpOT0_
FNDA:1,_ZN9__gnu_cxx13new_allocatorISt10shared_ptrIN7testing8internal26ParameterizedTestSuiteInfoI32LeapYearParameterizedTestFixtureE8TestInfoEEE9constructIS8_JS8_EEEvPT_DpOT0_
FN:144,_ZN9__gnu_cxx13new_allocatorIN7testing8internal26ParameterizedTestSuiteInfoI32LeapYearParameterizedTestFixtureE17InstantiationInfoEE9constructIS6_JS6_EEEvPT_DpOT0_
FNDA:1,_ZN9__gnu_cxx13new_allocatorIN7testing8internal26ParameterizedTestSuiteInfoI32LeapYearParameterizedTestFixtureE17InstantiationInfoEE9constructIS6_JS6_EEEvPT_DpOT0_
FN:151,_ZN9__gnu_cxx13new_allocatorIPN7testing8internal30ParameterizedTestSuiteInfoBaseEE7destroyIS4_EEvPT_
FNDA:0,_ZN9__gnu_cxx13new_allocatorIPN7testing8internal30ParameterizedTestSuiteInfoBaseEE7destroyIS4_EEvPT_
FN:151,_ZN9__gnu_cxx13new_allocatorISt10shared_ptrIN7testing8internal26ParameterizedTestSuiteInfoI32LeapYearParameterizedTestFixtureE8TestInfoEEE7destroyIS8_EEvPT_
FNDA:0,_ZN9__gnu_cxx13new_allocatorISt10shared_ptrIN7testing8internal26ParameterizedTestSuiteInfoI32LeapYearParameterizedTestFixtureE8TestInfoEEE7destroyIS8_EEvPT_
FN:151,_ZN9__gnu_cxx13new_allocatorIN7testing8internal26ParameterizedTestSuiteInfoI32LeapYearParameterizedTestFixtureE17InstantiationInfoEE7destroyIS6_EEvPT_
FNDA:0,_ZN9__gnu_cxx13new_allocatorIN7testing8internal26ParameterizedTestSuiteInfoI32LeapYearParameterizedTestFixtureE17InstantiationInfoEE7destroyIS6_EEvPT_
FN:151,_ZN9__gnu_cxx13new_allocatorISt13_Rb_tree_nodeINSt7__cxx1112basic_stringIcSt11char_traitsIcESaIcEEEEE7destroyIS7_EEvPT_
FNDA:4,_ZN9__gnu_cxx13new_allocatorISt13_Rb_tree_nodeINSt7__cxx1112basic_stringIcSt11char_traitsIcESaIcEEEEE7destroyIS7_EEvPT_
DA:80,2
DA:80,1
DA:80,1
DA:80,4
DA:80,0
DA:83,4
DA:83,0
DA:89,2
DA:89,8
DA:89,1
DA:89,1
DA:89,0
DA:102,4
DA:104,4
BRDA:104,0,0,0
BRDA:104,0,1,4
DA:105,0
DA:114,4
DA:102,1
DA:104,1
BRDA:104,0,0,0
BRDA:104,0,1,1
DA:105,0
DA:114,1
DA:102,6
DA:104,6
BRDA:104,0,0,0
BRDA:104,0,1,6
DA:105,0
DA:114,6
DA:102,1
DA:104,1
BRDA:104,0,0,0
BRDA:104,0,1,1
DA:105,0
DA:114,1
DA:102,1
DA:104,1
BRDA:104,0,0,0
BRDA:104,0,1,1
DA:105,0
DA:114,1
DA:119,4
DA:128,4
DA:129,4
DA:119,6
DA:128,6
DA:129,6
DA:119,1
DA:128,1
DA:129,1
DA:119,1
DA:128,1
DA:129,1
DA:119,1
DA:128,1
DA:129,1
DA:132,4
DA:135,4
DA:132,3
DA:135,3
DA:132,16
DA:135,16
DA:132,3
DA:135,3
DA:132,3
DA:135,3
DA:144,4
DA:147,4
BRDA:147,0,0,4
BRDA:147,0,1,0
DA:144,1
DA:147,1
DA:144,1
DA:147,1
DA:144,1
DA:147,1
DA:151,4
DA:153,4
DA:151,0
DA:153,0
DA:151,0
DA:153,0
DA:151,0
DA:153,0
end_of_record
SF:/usr/include/c++/9/bits/stl_uninitialized.h
FN:76,_ZNSt20__uninitialized_copyILb0EE13__uninit_copyISt13move_iteratorIPN7testing8internal26ParameterizedTestSuiteInfoI32LeapYearParameterizedTestFixtureE17InstantiationInfoEES9_EET0_T_SC_SB_
FNDA:0,_ZNSt20__uninitialized_copyILb0EE13__uninit_copyISt13move_iteratorIPN7testing8internal26ParameterizedTestSuiteInfoI32LeapYearParameterizedTestFixtureE17InstantiationInfoEES9_EET0_T_SC_SB_
FN:76,_ZNSt20__uninitialized_copyILb0EE13__uninit_copyISt13move_iteratorIPSt10shared_ptrIN7testing8internal26ParameterizedTestSuiteInfoI32LeapYearParameterizedTestFixtureE8TestInfoEEESB_EET0_T_SE_SD_
FNDA:0,_ZNSt20__uninitialized_copyILb0EE13__uninit_copyISt13move_iteratorIPSt10shared_ptrIN7testing8internal26ParameterizedTestSuiteInfoI32LeapYearParameterizedTestFixtureE8TestInfoEEESB_EET0_T_SE_SD_
FN:99,_ZNSt20__uninitialized_copyILb1EE13__uninit_copyIN9__gnu_cxx17__normal_iteratorIPKiSt6vectorIiSaIiEEEEPiEET0_T_SC_SB_
FNDA:1,_ZNSt20__uninitialized_copyILb1EE13__uninit_copyIN9__gnu_cxx17__normal_iteratorIPKiSt6vectorIiSaIiEEEEPiEET0_T_SC_SB_
FN:99,_ZNSt20__uninitialized_copyILb1EE13__uninit_copyIPKiPiEET0_T_S6_S5_
FNDA:1,_ZNSt20__uninitialized_copyILb1EE13__uninit_copyIPKiPiEET0_T_S6_S5_
FN:99,_ZNSt20__uninitialized_copyILb1EE13__uninit_copyISt13move_iteratorIPPN7testing8internal30ParameterizedTestSuiteInfoBaseEES7_EET0_T_SA_S9_
FNDA:0,_ZNSt20__uninitialized_copyILb1EE13__uninit_copyISt13move_iteratorIPPN7testing8internal30ParameterizedTestSuiteInfoBaseEES7_EET0_T_SA_S9_
FN:115,_ZSt18uninitialized_copyIN9__gnu_cxx17__normal_iteratorIPKiSt6vectorIiSaIiEEEEPiET0_T_SA_S9_
FNDA:1,_ZSt18uninitialized_copyIN9__gnu_cxx17__normal_iteratorIPKiSt6vectorIiSaIiEEEEPiET0_T_SA_S9_
FN:115,_ZSt18uninitialized_copyIPKiPiET0_T_S4_S3_
FNDA:1,_ZSt18uninitialized_copyIPKiPiET0_T_S4_S3_
FN:115,_ZSt18uninitialized_copyISt13move_iteratorIPN7testing8internal26ParameterizedTestSuiteInfoI32LeapYearParameterizedTestFixtureE17InstantiationInfoEES7_ET0_T_SA_S9_
FNDA:0,_ZSt18uninitialized_copyISt13move_iteratorIPN7testing8internal26ParameterizedTestSuiteInfoI32LeapYearParameterizedTestFixtureE17InstantiationInfoEES7_ET0_T_SA_S9_
FN:115,_ZSt18uninitialized_copyISt13move_iteratorIPPN7testing8internal30ParameterizedTestSuiteInfoBaseEES5_ET0_T_S8_S7_
FNDA:0,_ZSt18uninitialized_copyISt13move_iteratorIPPN7testing8internal30ParameterizedTestSuiteInfoBaseEES5_ET0_T_S8_S7_
FN:115,_ZSt18uninitialized_copyISt13move_iteratorIPSt10shared_ptrIN7testing8internal26ParameterizedTestSuiteInfoI32LeapYearParameterizedTestFixtureE8TestInfoEEES9_ET0_T_SC_SB_
FNDA:0,_ZSt18uninitialized_copyISt13move_iteratorIPSt10shared_ptrIN7testing8internal26ParameterizedTestSuiteInfoI32LeapYearParameterizedTestFixtureE8TestInfoEEES9_ET0_T_SC_SB_
FN:305,_ZSt22__uninitialized_copy_aISt13move_iteratorIPPN7testing8internal30ParameterizedTestSuiteInfoBaseEES5_S4_ET0_T_S8_S7_RSaIT1_E
FNDA:0,_ZSt22__uninitialized_copy_aISt13move_iteratorIPPN7testing8internal30ParameterizedTestSuiteInfoBaseEES5_S4_ET0_T_S8_S7_RSaIT1_E
FN:305,_ZSt22__uninitialized_copy_aISt13move_iteratorIPSt10shared_ptrIN7testing8internal26ParameterizedTestSuiteInfoI32LeapYearParameterizedTestFixtureE8TestInfoEEES9_S8_ET0_T_SC_SB_RSaIT1_E
FNDA:0,_ZSt22__uninitialized_copy_aISt13move_iteratorIPSt10shared_ptrIN7testing8internal26ParameterizedTestSuiteInfoI32LeapYearParameterizedTestFixtureE8TestInfoEEES9_S8_ET0_T_SC_SB_RSaIT1_E
FN:305,_ZSt22__uninitialized_copy_aISt13move_iteratorIPN7testing8internal26ParameterizedTestSuiteInfoI32LeapYearParameterizedTestFixtureE17InstantiationInfoEES7_S6_ET0_T_SA_S9_RSaIT1_E
FNDA:0,_ZSt22__uninitialized_copy_aISt13move_iteratorIPN7testing8internal26ParameterizedTestSuiteInfoI32LeapYearParameterizedTestFixtureE17InstantiationInfoEES7_S6_ET0_T_SA_S9_RSaIT1_E
FN:305,_ZSt22__uninitialized_copy_aIPKiPiiET0_T_S4_S3_RSaIT1_E
FNDA:1,_ZSt22__uninitialized_copy_aIPKiPiiET0_T_S4_S3_RSaIT1_E
FN:305,_ZSt22__uninitialized_copy_aIN9__gnu_cxx17__normal_iteratorIPKiSt6vectorIiSaIiEEEEPiiET0_T_SA_S9_RSaIT1_E
FNDA:1,_ZSt22__uninitialized_copy_aIN9__gnu_cxx17__normal_iteratorIPKiSt6vectorIiSaIiEEEEPiiET0_T_SA_S9_RSaIT1_E
FN:323,_ZSt34__uninitialized_move_if_noexcept_aIPSt10shared_ptrIN7testing8internal26ParameterizedTestSuiteInfoI32LeapYearParameterizedTestFixtureE8TestInfoEES8_SaIS7_EET0_T_SB_SA_RT1_
[...]
FN:113,_ZNSt10_Head_baseILm1ESt14default_deleteIN7testing8internal22ParamIteratorInterfaceIiEEELb1EE7_M_headERS6_
FNDA:6,_ZNSt10_Head_baseILm1ESt14default_deleteIN7testing8internal22ParamIteratorInterfaceIiEEELb1EE7_M_headERS6_
FN:113,_ZNSt10_Head_baseILm1ESt14default_deleteIKiELb1EE7_M_headERS3_
FNDA:4,_ZNSt10_Head_baseILm1ESt14default_deleteIKiELb1EE7_M_headERS3_
FN:113,_ZNSt10_Head_baseILm1ESt14default_deleteIN7testing8internal19TestMetaFactoryBaseIiEEELb1EE7_M_headERS6_
FNDA:1,_ZNSt10_Head_baseILm1ESt14default_deleteIN7testing8internal19TestMetaFactoryBaseIiEEELb1EE7_M_headERS6_
FN:122,_ZNSt10_Head_baseILm0EPNSt7__cxx1112basic_stringIcSt11char_traitsIcESaIcEEELb0EEC2Ev
FNDA:4,_ZNSt10_Head_baseILm0EPNSt7__cxx1112basic_stringIcSt11char_traitsIcESaIcEEELb0EEC2Ev
FN:122,_ZNSt10_Head_baseILm0EPN7testing8internal22ParamIteratorInterfaceIiEELb0EEC2Ev
FNDA:6,_ZNSt10_Head_baseILm0EPN7testing8internal22ParamIteratorInterfaceIiEELb0EEC2Ev
FN:122,_ZNSt10_Head_baseILm0EPN7testing8internal19TestMetaFactoryBaseIiEELb0EEC2Ev
FNDA:1,_ZNSt10_Head_baseILm0EPN7testing8internal19TestMetaFactoryBaseIiEELb0EEC2Ev
FN:122,_ZNSt10_Head_baseILm0EPKiLb0EEC2Ev
FNDA:6,_ZNSt10_Head_baseILm0EPKiLb0EEC2Ev
FN:132,_ZNSt10_Head_baseILm0EN7testing8internal10ValueArrayIJiiiiEEELb0EEC2IS3_EEOT_
FNDA:0,_ZNSt10_Head_baseILm0EN7testing8internal10ValueArrayIJiiiiEEELb0EEC2IS3_EEOT_
FN:160,_ZNSt10_Head_baseILm0EPN7testing8internal19TestMetaFactoryBaseIiEELb0EE7_M_headERS5_
FNDA:2,_ZNSt10_Head_baseILm0EPN7testing8internal19TestMetaFactoryBaseIiEELb0EE7_M_headERS5_
FN:160,_ZNSt10_Head_baseILm0EPKiLb0EE7_M_headERS2_
FNDA:14,_ZNSt10_Head_baseILm0EPKiLb0EE7_M_headERS2_
FN:160,_ZNSt10_Head_baseILm0EPNSt7__cxx1118basic_stringstreamIcSt11char_traitsIcESaIcEEELb0EE7_M_headERS7_
FNDA:124,_ZNSt10_Head_baseILm0EPNSt7__cxx1118basic_stringstreamIcSt11char_traitsIcESaIcEEELb0EE7_M_headERS7_
FN:160,_ZNSt10_Head_baseILm0EPNSt7__cxx1112basic_stringIcSt11char_traitsIcESaIcEEELb0EE7_M_headERS7_
FNDA:4,_ZNSt10_Head_baseILm0EPNSt7__cxx1112basic_stringIcSt11char_traitsIcESaIcEEELb0EE7_M_headERS7_
FN:160,_ZNSt10_Head_baseILm0EPN7testing8internal22ParamIteratorInterfaceIiEELb0EE7_M_headERS5_
FNDA:12,_ZNSt10_Head_baseILm0EPN7testing8internal22ParamIteratorInterfaceIiEELb0EE7_M_headERS5_
FN:163,_ZNSt10_Head_baseILm0EPKiLb0EE7_M_headERKS2_
FNDA:24,_ZNSt10_Head_baseILm0EPKiLb0EE7_M_headERKS2_
FN:163,_ZNSt10_Head_baseILm0EPNSt7__cxx1118basic_stringstreamIcSt11char_traitsIcESaIcEEELb0EE7_M_headERKS7_
FNDA:566,_ZNSt10_Head_baseILm0EPNSt7__cxx1118basic_stringstreamIcSt11char_traitsIcESaIcEEELb0EE7_M_headERKS7_
FN:163,_ZNSt10_Head_baseILm0EPN7testing8internal19TestMetaFactoryBaseIiEELb0EE7_M_headERKS5_
FNDA:4,_ZNSt10_Head_baseILm0EPN7testing8internal19TestMetaFactoryBaseIiEELb0EE7_M_headERKS5_
FN:163,_ZNSt10_Head_baseILm0EPN7testing8internal22ParamIteratorInterfaceIiEELb0EE7_M_headERKS5_
FNDA:36,_ZNSt10_Head_baseILm0EPN7testing8internal22ParamIteratorInterfaceIiEELb0EE7_M_headERKS5_
FN:195,_ZNSt11_Tuple_implILm0EJPKiSt14default_deleteIS0_EEE7_M_headERS4_
FNDA:14,_ZNSt11_Tuple_implILm0EJPKiSt14default_deleteIS0_EEE7_M_headERS4_
FN:195,_ZNSt11_Tuple_implILm0EJPN7testing8internal19TestMetaFactoryBaseIiEESt14default_deleteIS3_EEE7_M_headERS7_
FNDA:2,_ZNSt11_Tuple_implILm0EJPN7testing8internal19TestMetaFactoryBaseIiEESt14default_deleteIS3_EEE7_M_headERS7_
FN:195,_ZNSt11_Tuple_implILm0EJPN7testing8internal22ParamIteratorInterfaceIiEESt14default_deleteIS3_EEE7_M_headERS7_
FNDA:12,_ZNSt11_Tuple_implILm0EJPN7testing8internal22ParamIteratorInterfaceIiEESt14default_deleteIS3_EEE7_M_headERS7_
FN:195,_ZNSt11_Tuple_implILm0EJPNSt7__cxx1112basic_stringIcSt11char_traitsIcESaIcEEESt14default_deleteIS5_EEE7_M_headERS9_
FNDA:4,_ZNSt11_Tuple_implILm0EJPNSt7__cxx1112basic_stringIcSt11char_traitsIcESaIcEEESt14default_deleteIS5_EEE7_M_headERS9_
FN:195,_ZNSt11_Tuple_implILm0EJPNSt7__cxx1118basic_stringstreamIcSt11char_traitsIcESaIcEEESt14default_deleteIS5_EEE7_M_headERS9_
FNDA:124,_ZNSt11_Tuple_implILm0EJPNSt7__cxx1118basic_stringstreamIcSt11char_traitsIcESaIcEEESt14default_deleteIS5_EEE7_M_headERS9_
FN:198,_ZNSt11_Tuple_implILm0EJPNSt7__cxx1118basic_stringstreamIcSt11char_traitsIcESaIcEEESt14default_deleteIS5_EEE7_M_headERKS9_
FNDA:566,_ZNSt11_Tuple_implILm0EJPNSt7__cxx1118basic_stringstreamIcSt11char_traitsIcESaIcEEESt14default_deleteIS5_EEE7_M_headERKS9_
FN:198,_ZNSt11_Tuple_implILm0EJPKiSt14default_deleteIS0_EEE7_M_headERKS4_
FNDA:24,_ZNSt11_Tuple_implILm0EJPKiSt14default_deleteIS0_EEE7_M_headERKS4_
FN:198,_ZNSt11_Tuple_implILm0EJPN7testing8internal19TestMetaFactoryBaseIiEESt14default_deleteIS3_EEE7_M_headERKS7_
FNDA:4,_ZNSt11_Tuple_implILm0EJPN7testing8internal19TestMetaFactoryBaseIiEESt14default_deleteIS3_EEE7_M_headERKS7_
FN:198,_ZNSt11_Tuple_implILm0EJPN7testing8internal22ParamIteratorInterfaceIiEESt14default_deleteIS3_EEE7_M_headERKS7_
FNDA:36,_ZNSt11_Tuple_implILm0EJPN7testing8internal22ParamIteratorInterfaceIiEESt14default_deleteIS3_EEE7_M_headERKS7_
FN:206,_ZNSt11_Tuple_implILm0EJPN7testing8internal19TestMetaFactoryBaseIiEESt14default_deleteIS3_EEEC2Ev
FNDA:1,_ZNSt11_Tuple_implILm0EJPN7testing8internal19TestMetaFactoryBaseIiEESt14default_deleteIS3_EEEC2Ev
FN:206,_ZNSt11_Tuple_implILm0EJPNSt7__cxx1112basic_stringIcSt11char_traitsIcESaIcEEESt14default_deleteIS5_EEEC2Ev
FNDA:4,_ZNSt11_Tuple_implILm0EJPNSt7__cxx1112basic_stringIcSt11char_traitsIcESaIcEEESt14default_deleteIS5_EEEC2Ev
FN:206,_ZNSt11_Tuple_implILm0EJPKiSt14default_deleteIS0_EEEC2Ev
FNDA:6,_ZNSt11_Tuple_implILm0EJPKiSt14default_deleteIS0_EEEC2Ev
FN:206,_ZNSt11_Tuple_implILm0EJPN7testing8internal22ParamIteratorInterfaceIiEESt14default_deleteIS3_EEEC2Ev
FNDA:6,_ZNSt11_Tuple_implILm0EJPN7testing8internal22ParamIteratorInterfaceIiEESt14default_deleteIS3_EEEC2Ev
FN:334,_ZNSt11_Tuple_implILm1EJSt14default_deleteINSt7__cxx1118basic_stringstreamIcSt11char_traitsIcESaIcEEEEEE7_M_headERS8_
FNDA:62,_ZNSt11_Tuple_implILm1EJSt14default_deleteINSt7__cxx1118basic_stringstreamIcSt11char_traitsIcESaIcEEEEEE7_M_headERS8_
FN:334,_ZNSt11_Tuple_implILm1EJSt14default_deleteIN7testing8internal22ParamIteratorInterfaceIiEEEEE7_M_headERS6_
FNDA:6,_ZNSt11_Tuple_implILm1EJSt14default_deleteIN7testing8internal22ParamIteratorInterfaceIiEEEEE7_M_headERS6_
FN:334,_ZNSt11_Tuple_implILm1EJSt14default_deleteINSt7__cxx1112basic_stringIcSt11char_traitsIcESaIcEEEEEE7_M_headERS8_
FNDA:0,_ZNSt11_Tuple_implILm1EJSt14default_deleteINSt7__cxx1112basic_stringIcSt11char_traitsIcESaIcEEEEEE7_M_headERS8_
FN:334,_ZNSt11_Tuple_implILm1EJSt14default_deleteIKiEEE7_M_headERS3_
FNDA:4,_ZNSt11_Tuple_implILm1EJSt14default_deleteIKiEEE7_M_headERS3_
FN:334,_ZNSt11_Tuple_implILm1EJSt14default_deleteIN7testing8internal19TestMetaFactoryBaseIiEEEEE7_M_headERS6_
FNDA:1,_ZNSt11_Tuple_implILm1EJSt14default_deleteIN7testing8internal19TestMetaFactoryBaseIiEEEEE7_M_headERS6_
FN:339,_ZNSt11_Tuple_implILm1EJSt14default_deleteINSt7__cxx1112basic_stringIcSt11char_traitsIcESaIcEEEEEEC2Ev
FNDA:4,_ZNSt11_Tuple_implILm1EJSt14default_deleteINSt7__cxx1112basic_stringIcSt11char_traitsIcESaIcEEEEEEC2Ev
FN:339,_ZNSt11_Tuple_implILm1EJSt14default_deleteIN7testing8internal19TestMetaFactoryBaseIiEEEEEC2Ev
FNDA:1,_ZNSt11_Tuple_implILm1EJSt14default_deleteIN7testing8internal19TestMetaFactoryBaseIiEEEEEC2Ev
FN:339,_ZNSt11_Tuple_implILm1EJSt14default_deleteIKiEEEC2Ev
FNDA:6,_ZNSt11_Tuple_implILm1EJSt14default_deleteIKiEEEC2Ev
FN:339,_ZNSt11_Tuple_implILm1EJSt14default_deleteIN7testing8internal22ParamIteratorInterfaceIiEEEEEC2Ev
FNDA:6,_ZNSt11_Tuple_implILm1EJSt14default_deleteIN7testing8internal22ParamIteratorInterfaceIiEEEEEC2Ev
FN:348,_ZNSt11_Tuple_implILm0EJN7testing8internal10ValueArrayIJiiiiEEEEEC2IS3_EEOT_
FNDA:0,_ZNSt11_Tuple_implILm0EJN7testing8internal10ValueArrayIJiiiiEEEEEC2IS3_EEOT_
FN:626,_ZNSt5tupleIJN7testing8internal10ValueArrayIJiiiiEEEEEC2IJS3_ELb1EEEDpOT_
FNDA:0,_ZNSt5tupleIJN7testing8internal10ValueArrayIJiiiiEEEEEC2IJS3_ELb1EEEDpOT_
FN:918,_ZNSt5tupleIJPKiSt14default_deleteIS0_EEEC2IS1_S3_Lb1EEEv
FNDA:6,_ZNSt5tupleIJPKiSt14default_deleteIS0_EEEC2IS1_S3_Lb1EEEv
FN:918,_ZNSt5tupleIJPN7testing8internal19TestMetaFactoryBaseIiEESt14default_deleteIS3_EEEC2IS4_S6_Lb1EEEv
FNDA:1,_ZNSt5tupleIJPN7testing8internal19TestMetaFactoryBaseIiEESt14default_deleteIS3_EEEC2IS4_S6_Lb1EEEv
FN:918,_ZNSt5tupleIJPN7testing8internal22ParamIteratorInterfaceIiEESt14default_deleteIS3_EEEC2IS4_S6_Lb1EEEv
FNDA:6,_ZNSt5tupleIJPN7testing8internal22ParamIteratorInterfaceIiEESt14default_deleteIS3_EEEC2IS4_S6_Lb1EEEv
FN:918,_ZNSt5tupleIJPNSt7__cxx1112basic_stringIcSt11char_traitsIcESaIcEEESt14default_deleteIS5_EEEC2IS6_S8_Lb1EEEv
FNDA:4,_ZNSt5tupleIJPNSt7__cxx1112basic_stringIcSt11char_traitsIcESaIcEEESt14default_deleteIS5_EEEC2IS6_S8_Lb1EEEv
FN:1309,_ZSt12__get_helperILm0EPNSt7__cxx1118basic_stringstreamIcSt11char_traitsIcESaIcEEEJSt14default_deleteIS5_EEERT0_RSt11_Tuple_implIXT_EJS9_DpT1_EE
FNDA:124,_ZSt12__get_helperILm0EPNSt7__cxx1118basic_stringstreamIcSt11char_traitsIcESaIcEEEJSt14default_deleteIS5_EEERT0_RSt11_Tuple_implIXT_EJS9_DpT1_EE
FN:1309,_ZSt12__get_helperILm0EPNSt7__cxx1112basic_stringIcSt11char_traitsIcESaIcEEEJSt14default_deleteIS5_EEERT0_RSt11_Tuple_implIXT_EJS9_DpT1_EE
FNDA:4,_ZSt12__get_helperILm0EPNSt7__cxx1112basic_stringIcSt11char_traitsIcESaIcEEEJSt14default_deleteIS5_EEERT0_RSt11_Tuple_implIXT_EJS9_DpT1_EE
FN:1309,_ZSt12__get_helperILm1ESt14default_deleteINSt7__cxx1118basic_stringstreamIcSt11char_traitsIcESaIcEEEEJEERT0_RSt11_Tuple_implIXT_EJS8_DpT1_EE
FNDA:62,_ZSt12__get_helperILm1ESt14default_deleteINSt7__cxx1118basic_stringstreamIcSt11char_traitsIcESaIcEEEEJEERT0_RSt11_Tuple_implIXT_EJS8_DpT1_EE
FN:1309,_ZSt12__get_helperILm1ESt14default_deleteINSt7__cxx1112basic_stringIcSt11char_traitsIcESaIcEEEEJEERT0_RSt11_Tuple_implIXT_EJS8_DpT1_EE
FNDA:0,_ZSt12__get_helperILm1ESt14default_deleteINSt7__cxx1112basic_stringIcSt11char_traitsIcESaIcEEEEJEERT0_RSt11_Tuple_implIXT_EJS8_DpT1_EE
FN:1309,_ZSt12__get_helperILm0EPN7testing8internal22ParamIteratorInterfaceIiEEJSt14default_deleteIS3_EEERT0_RSt11_Tuple_implIXT_EJS7_DpT1_EE
FNDA:12,_ZSt12__get_helperILm0EPN7testing8internal22ParamIteratorInterfaceIiEEJSt14default_deleteIS3_EEERT0_RSt11_Tuple_implIXT_EJS7_DpT1_EE
FN:1309,_ZSt12__get_helperILm0EPN7testing8internal19TestMetaFactoryBaseIiEEJSt14default_deleteIS3_EEERT0_RSt11_Tuple_implIXT_EJS7_DpT1_EE
FNDA:2,_ZSt12__get_helperILm0EPN7testing8internal19TestMetaFactoryBaseIiEEJSt14default_deleteIS3_EEERT0_RSt11_Tuple_implIXT_EJS7_DpT1_EE
FN:1309,_ZSt12__get_helperILm1ESt14default_deleteIKiEJEERT0_RSt11_Tuple_implIXT_EJS3_DpT1_EE
FNDA:4,_ZSt12__get_helperILm1ESt14default_deleteIKiEJEERT0_RSt11_Tuple_implIXT_EJS3_DpT1_EE
FN:1309,_ZSt12__get_helperILm1ESt14default_deleteIN7testing8internal22ParamIteratorInterfaceIiEEEJEERT0_RSt11_Tuple_implIXT_EJS6_DpT1_EE
FNDA:6,_ZSt12__get_helperILm1ESt14default_deleteIN7testing8internal22ParamIteratorInterfaceIiEEEJEERT0_RSt11_Tuple_implIXT_EJS6_DpT1_EE
FN:1309,_ZSt12__get_helperILm1ESt14default_deleteIN7testing8internal19TestMetaFactoryBaseIiEEEJEERT0_RSt11_Tuple_implIXT_EJS6_DpT1_EE
FNDA:1,_ZSt12__get_helperILm1ESt14default_deleteIN7testing8internal19TestMetaFactoryBaseIiEEEJEERT0_RSt11_Tuple_implIXT_EJS6_DpT1_EE
FN:1309,_ZSt12__get_helperILm0EPKiJSt14default_deleteIS0_EEERT0_RSt11_Tuple_implIXT_EJS4_DpT1_EE
FNDA:14,_ZSt12__get_helperILm0EPKiJSt14default_deleteIS0_EEERT0_RSt11_Tuple_implIXT_EJS4_DpT1_EE
FN:1314,_ZSt12__get_helperILm0EPN7testing8internal19TestMetaFactoryBaseIiEEJSt14default_deleteIS3_EEERKT0_RKSt11_Tuple_implIXT_EJS7_DpT1_EE
FNDA:4,_ZSt12__get_helperILm0EPN7testing8internal19TestMetaFactoryBaseIiEEJSt14default_deleteIS3_EEERKT0_RKSt11_Tuple_implIXT_EJS7_DpT1_EE
FN:1314,_ZSt12__get_helperILm0EPNSt7__cxx1118basic_stringstreamIcSt11char_traitsIcESaIcEEEJSt14default_deleteIS5_EEERKT0_RKSt11_Tuple_implIXT_EJS9_DpT1_EE
FNDA:566,_ZSt12__get_helperILm0EPNSt7__cxx1118basic_stringstreamIcSt11char_traitsIcESaIcEEEJSt14default_deleteIS5_EEERKT0_RKSt11_Tuple_implIXT_EJS9_DpT1_EE
FN:1314,_ZSt12__get_helperILm0EPKiJSt14default_deleteIS0_EEERKT0_RKSt11_Tuple_implIXT_EJS4_DpT1_EE
FNDA:24,_ZSt12__get_helperILm0EPKiJSt14default_deleteIS0_EEERKT0_RKSt11_Tuple_implIXT_EJS4_DpT1_EE
FN:1314,_ZSt12__get_helperILm0EPN7testing8internal22ParamIteratorInterfaceIiEEJSt14default_deleteIS3_EEERKT0_RKSt11_Tuple_implIXT_EJS7_DpT1_EE
FNDA:36,_ZSt12__get_helperILm0EPN7testing8internal22ParamIteratorInterfaceIiEEJSt14default_deleteIS3_EEERKT0_RKSt11_Tuple_implIXT_EJS7_DpT1_EE
FN:1320,_ZSt3getILm1EJPKiSt14default_deleteIS0_EEERNSt13tuple_elementIXT_ESt5tupleIJDpT0_EEE4typeERS8_
FNDA:4,_ZSt3getILm1EJPKiSt14default_deleteIS0_EEERNSt13tuple_elementIXT_ESt5tupleIJDpT0_EEE4typeERS8_
FN:1320,_ZSt3getILm1EJPN7testing8internal22ParamIteratorInterfaceIiEESt14default_deleteIS3_EEERNSt13tuple_elementIXT_ESt5tupleIJDpT0_EEE4typeERSB_
FNDA:6,_ZSt3getILm1EJPN7testing8internal22ParamIteratorInterfaceIiEESt14default_deleteIS3_EEERNSt13tuple_elementIXT_ESt5tupleIJDpT0_EEE4typeERSB_
FN:1320,_ZSt3getILm0EJPKiSt14default_deleteIS0_EEERNSt13tuple_elementIXT_ESt5tupleIJDpT0_EEE4typeERS8_
FNDA:14,_ZSt3getILm0EJPKiSt14default_deleteIS0_EEERNSt13tuple_elementIXT_ESt5tupleIJDpT0_EEE4typeERS8_
FN:1320,_ZSt3getILm0EJPNSt7__cxx1118basic_stringstreamIcSt11char_traitsIcESaIcEEESt14default_deleteIS5_EEERNSt13tuple_elementIXT_ESt5tupleIJDpT0_EEE4typeERSD_
FNDA:124,_ZSt3getILm0EJPNSt7__cxx1118basic_stringstreamIcSt11char_traitsIcESaIcEEESt14default_deleteIS5_EEERNSt13tuple_elementIXT_ESt5tupleIJDpT0_EEE4typeERSD_
FN:1320,_ZSt3getILm0EJPNSt7__cxx1112basic_stringIcSt11char_traitsIcESaIcEEESt14default_deleteIS5_EEERNSt13tuple_elementIXT_ESt5tupleIJDpT0_EEE4typeERSD_
FNDA:4,_ZSt3getILm0EJPNSt7__cxx1112basic_stringIcSt11char_traitsIcESaIcEEESt14default_deleteIS5_EEERNSt13tuple_elementIXT_ESt5tupleIJDpT0_EEE4typeERSD_
FN:1320,_ZSt3getILm0EJPN7testing8internal22ParamIteratorInterfaceIiEESt14default_deleteIS3_EEERNSt13tuple_elementIXT_ESt5tupleIJDpT0_EEE4typeERSB_
FNDA:12,_ZSt3getILm0EJPN7testing8internal22ParamIteratorInterfaceIiEESt14default_deleteIS3_EEERNSt13tuple_elementIXT_ESt5tupleIJDpT0_EEE4typeERSB_
FN:1320,_ZSt3getILm1EJPNSt7__cxx1118basic_stringstreamIcSt11char_traitsIcESaIcEEESt14default_deleteIS5_EEERNSt13tuple_elementIXT_ESt5tupleIJDpT0_EEE4typeERSD_
FNDA:62,_ZSt3getILm1EJPNSt7__cxx1118basic_stringstreamIcSt11char_traitsIcESaIcEEESt14default_deleteIS5_EEERNSt13tuple_elementIXT_ESt5tupleIJDpT0_EEE4typeERSD_
FN:1320,_ZSt3getILm1EJPNSt7__cxx1112basic_stringIcSt11char_traitsIcESaIcEEESt14default_deleteIS5_EEERNSt13tuple_elementIXT_ESt5tupleIJDpT0_EEE4typeERSD_
FNDA:0,_ZSt3getILm1EJPNSt7__cxx1112basic_stringIcSt11char_traitsIcESaIcEEESt14default_deleteIS5_EEERNSt13tuple_elementIXT_ESt5tupleIJDpT0_EEE4typeERSD_
FN:1320,_ZSt3getILm1EJPN7testing8internal19TestMetaFactoryBaseIiEESt14default_deleteIS3_EEERNSt13tuple_elementIXT_ESt5tupleIJDpT0_EEE4typeERSB_
FNDA:1,_ZSt3getILm1EJPN7testing8internal19TestMetaFactoryBaseIiEESt14default_deleteIS3_EEERNSt13tuple_elementIXT_ESt5tupleIJDpT0_EEE4typeERSB_
FN:1320,_ZSt3getILm0EJPN7testing8internal19TestMetaFactoryBaseIiEESt14default_deleteIS3_EEERNSt13tuple_elementIXT_ESt5tupleIJDpT0_EEE4typeERSB_
FNDA:2,_ZSt3getILm0EJPN7testing8internal19TestMetaFactoryBaseIiEESt14default_deleteIS3_EEERNSt13tuple_elementIXT_ESt5tupleIJDpT0_EEE4typeERSB_
FN:1326,_ZSt3getILm0EJPN7testing8internal19TestMetaFactoryBaseIiEESt14default_deleteIS3_EEERKNSt13tuple_elementIXT_ESt5tupleIJDpT0_EEE4typeERKSB_
FNDA:4,_ZSt3getILm0EJPN7testing8internal19TestMetaFactoryBaseIiEESt14default_deleteIS3_EEERKNSt13tuple_elementIXT_ESt5tupleIJDpT0_EEE4typeERKSB_
FN:1326,_ZSt3getILm0EJPNSt7__cxx1118basic_stringstreamIcSt11char_traitsIcESaIcEEESt14default_deleteIS5_EEERKNSt13tuple_elementIXT_ESt5tupleIJDpT0_EEE4typeERKSD_
FNDA:566,_ZSt3getILm0EJPNSt7__cxx1118basic_stringstreamIcSt11char_traitsIcESaIcEEESt14default_deleteIS5_EEERKNSt13tuple_elementIXT_ESt5tupleIJDpT0_EEE4typeERKSD_
FN:1326,_ZSt3getILm0EJPKiSt14default_deleteIS0_EEERKNSt13tuple_elementIXT_ESt5tupleIJDpT0_EEE4typeERKS8_
FNDA:24,_ZSt3getILm0EJPKiSt14default_deleteIS0_EEERKNSt13tuple_elementIXT_ESt5tupleIJDpT0_EEE4typeERKS8_
FN:1326,_ZSt3getILm0EJPN7testing8internal22ParamIteratorInterfaceIiEESt14default_deleteIS3_EEERKNSt13tuple_elementIXT_ESt5tupleIJDpT0_EEE4typeERKSB_
FNDA:36,_ZSt3getILm0EJPN7testing8internal22ParamIteratorInterfaceIiEESt14default_deleteIS3_EEERKNSt13tuple_elementIXT_ESt5tupleIJDpT0_EEE4typeERKSB_
FN:1470,_ZSt10make_tupleIJN7testing8internal10ValueArrayIJiiiiEEEEESt5tupleIJDpNSt17__decay_and_stripIT_E6__typeEEEDpOS6_
FNDA:0,_ZSt10make_tupleIJN7testing8internal10ValueArrayIJiiiiEEEEESt5tupleIJDpNSt17__decay_and_stripIT_E6__typeEEEDpOS6_
DA:76,6
DA:77,6
DA:76,6
DA:77,6
DA:76,1
DA:77,1
DA:76,4
DA:77,4
DA:113,4
DA:113,6
DA:113,1
DA:113,0
DA:113,62
DA:122,6
DA:123,6
DA:122,6
DA:123,6
DA:122,1
DA:123,1
DA:122,4
DA:123,4
DA:132,0
DA:133,0
DA:160,14
DA:160,12
DA:160,2
DA:160,4
DA:160,124
DA:163,24
DA:163,36
DA:163,4
DA:163,566
DA:195,14
DA:195,12
DA:195,2
DA:195,4
DA:195,124
DA:198,24
DA:198,36
DA:198,4
DA:198,566
DA:206,6
DA:207,6
DA:206,6
DA:207,6
DA:206,1
DA:207,1
DA:206,4
DA:207,4
DA:334,4
DA:334,6
DA:334,1
DA:334,0
DA:334,62
DA:339,6
DA:340,6
DA:339,6
DA:340,6
DA:339,1
DA:340,1
DA:339,4
DA:340,4
DA:348,0
DA:349,0
DA:626,0
DA:627,0
DA:918,6
DA:919,6
DA:918,6
DA:919,6
DA:918,1
DA:919,1
DA:918,4
DA:919,4
DA:1309,4
DA:1310,4
DA:1309,6
DA:1310,6
DA:1309,14
DA:1310,14
DA:1309,12
DA:1310,12
DA:1309,1
DA:1310,1
DA:1309,2
DA:1310,2
DA:1309,0
DA:1310,0
DA:1309,62
DA:1310,62
DA:1309,4
DA:1310,4
DA:1309,124
DA:1310,124
DA:1314,24
DA:1315,24
DA:1314,36
DA:1315,36
DA:1314,4
DA:1315,4
DA:1314,566
DA:1315,566
DA:1320,4
DA:1321,4
DA:1320,6
DA:1321,6
DA:1320,14
DA:1321,14
DA:1320,12
DA:1321,12
DA:1320,1
DA:1321,1
DA:1320,2
DA:1321,2
DA:1320,0
DA:1321,0
DA:1320,62
DA:1321,62
DA:1320,4
DA:1321,4
DA:1320,124
DA:1321,124
DA:1326,24
DA:1327,24
DA:1326,36
DA:1327,36
DA:1326,4
DA:1327,4
DA:1326,566
DA:1327,566
DA:1470,0
DA:1474,0
end_of_record
SF:/usr/include/c++/9/bits/basic_string.tcc
FN:206,_ZNSt7__cxx1112basic_stringIcSt11char_traitsIcESaIcEE12_M_constructIPcEEvT_S7_St20forward_iterator_tag
FNDA:0,_ZNSt7__cxx1112basic_stringIcSt11char_traitsIcESaIcEE12_M_constructIPcEEvT_S7_St20forward_iterator_tag
FN:206,_ZNSt7__cxx1112basic_stringIcSt11char_traitsIcESaIcEE12_M_constructIPKcEEvT_S8_St20forward_iterator_tag
FNDA:0,_ZNSt7__cxx1112basic_stringIcSt11char_traitsIcESaIcEE12_M_constructIPKcEEvT_S8_St20forward_iterator_tag
DA:206,0
DA:211,0
BRDA:211,0,0,-
BRDA:211,0,1,-
BRDA:211,0,2,-
BRDA:211,0,3,-
BRDA:211,0,4,-
BRDA:211,0,5,-
DA:212,0
DA:215,0
BRDA:215,0,0,-
BRDA:215,0,1,-
DA:217,0
BRDA:217,0,0,-
BRDA:217,0,1,-
DA:219,0
BRDA:219,0,0,-
BRDA:219,0,1,-
BRDA:219,0,2,-
BRDA:219,0,3,-
DA:220,0
BRDA:220,0,0,-
BRDA:220,0,1,-
DA:225,0
BRDA:225,0,0,-
BRDA:225,0,1,-
DA:226,0
DA:228,0
BRDA:228,0,0,0
BRDA:228,0,1,0
DA:229,0
DA:232,0
BRDA:232,0,0,-
BRDA:232,0,1,-
DA:233,0
DA:206,0
DA:211,0
BRDA:211,0,0,-
BRDA:211,0,1,-
BRDA:211,0,2,-
BRDA:211,0,3,-
BRDA:211,0,4,-
BRDA:211,0,5,-
DA:212,0
DA:215,0
BRDA:215,0,0,-
BRDA:215,0,1,-
DA:217,0
BRDA:217,0,0,-
BRDA:217,0,1,-
DA:219,0
BRDA:219,0,0,-
BRDA:219,0,1,-
BRDA:219,0,2,-
BRDA:219,0,3,-
DA:220,0
BRDA:220,0,0,-
BRDA:220,0,1,-
DA:225,0
BRDA:225,0,0,-
BRDA:225,0,1,-
DA:226,0
DA:228,0
BRDA:228,0,0,0
BRDA:228,0,1,0
DA:229,0
DA:232,0
BRDA:232,0,0,-
BRDA:232,0,1,-
DA:233,0
end_of_record
TN:
SF:/workspaces/mock_test/parameter/LeapYearCalendar.cpp
FN:5,_ZN16LeapYearCalendar6isLeapEi
FNDA:4,_ZN16LeapYearCalendar6isLeapEi
FN:11,_ZN16LeapYearCalendar14isDivisibleBy4Ei
FNDA:4,_ZN16LeapYearCalendar14isDivisibleBy4Ei
FN:15,_ZN16LeapYearCalendar16isDivisibleBy100Ei
FNDA:0,_ZN16LeapYearCalendar16isDivisibleBy100Ei
FN:19,_ZN16LeapYearCalendar16isDivisibleBy400Ei
FNDA:0,_ZN16LeapYearCalendar16isDivisibleBy400Ei
DA:5,4
DA:8,4
BRDA:8,0,0,0
BRDA:8,0,1,4
BRDA:8,0,2,0
BRDA:8,0,3,0
BRDA:8,0,4,0
BRDA:8,0,5,0
DA:11,4
DA:12,4
DA:15,0
DA:16,0
DA:19,0
DA:20,0
end_of_record
